<?xml version="1.0" encoding="UTF-8"?>
<testsuite name="service.ServiceTest" tests="1" skipped="0" failures="1" errors="0" timestamp="2021-07-20T15:14:33" hostname="DESKTOP-DAN" time="3.192">
  <properties/>
  <testcase name="asignareProiect()" classname="service.ServiceTest" time="3.192">
    <failure message="org.opentest4j.AssertionFailedError: expected: &lt;0&gt; but was: &lt;1&gt;" type="org.opentest4j.AssertionFailedError">org.opentest4j.AssertionFailedError: expected: &lt;0&gt; but was: &lt;1&gt;
	at org.junit.jupiter.api.AssertionUtils.fail(AssertionUtils.java:55)
	at org.junit.jupiter.api.AssertionUtils.failNotEqual(AssertionUtils.java:62)
	at org.junit.jupiter.api.AssertEquals.assertEquals(AssertEquals.java:150)
	at org.junit.jupiter.api.AssertEquals.assertEquals(AssertEquals.java:145)
	at org.junit.jupiter.api.Assertions.assertEquals(Assertions.java:510)
	at service.ServiceTest.asignareProiect(ServiceTest.java:50)
	at java.base/jdk.internal.reflect.NativeMethodAccessorImpl.invoke0(Native Method)
	at java.base/jdk.internal.reflect.NativeMethodAccessorImpl.invoke(NativeMethodAccessorImpl.java:62)
	at java.base/jdk.internal.reflect.DelegatingMethodAccessorImpl.invoke(DelegatingMethodAccessorImpl.java:43)
	at java.base/java.lang.reflect.Method.invoke(Method.java:566)
	at org.junit.platform.commons.util.ReflectionUtils.invokeMethod(ReflectionUtils.java:688)
	at org.junit.jupiter.engine.execution.MethodInvocation.proceed(MethodInvocation.java:60)
	at org.junit.jupiter.engine.execution.InvocationInterceptorChain$ValidatingInvocation.proceed(InvocationInterceptorChain.java:131)
	at org.junit.jupiter.engine.extension.TimeoutExtension.intercept(TimeoutExtension.java:149)
	at org.junit.jupiter.engine.extension.TimeoutExtension.interceptTestableMethod(TimeoutExtension.java:140)
	at org.junit.jupiter.engine.extension.TimeoutExtension.interceptTestMethod(TimeoutExtension.java:84)
	at org.junit.jupiter.engine.execution.ExecutableInvoker$ReflectiveInterceptorCall.lambda$ofVoidMethod$0(ExecutableInvoker.java:115)
	at org.junit.jupiter.engine.execution.ExecutableInvoker.lambda$invoke$0(ExecutableInvoker.java:105)
	at org.junit.jupiter.engine.execution.InvocationInterceptorChain$InterceptedInvocation.proceed(InvocationInterceptorChain.java:106)
	at org.junit.jupiter.engine.execution.InvocationInterceptorChain.proceed(InvocationInterceptorChain.java:64)
	at org.junit.jupiter.engine.execution.InvocationInterceptorChain.chainAndInvoke(InvocationInterceptorChain.java:45)
	at org.junit.jupiter.engine.execution.InvocationInterceptorChain.invoke(InvocationInterceptorChain.java:37)
	at org.junit.jupiter.engine.execution.ExecutableInvoker.invoke(ExecutableInvoker.java:104)
	at org.junit.jupiter.engine.execution.ExecutableInvoker.invoke(ExecutableInvoker.java:98)
	at org.junit.jupiter.engine.descriptor.TestMethodTestDescriptor.lambda$invokeTestMethod$6(TestMethodTestDescriptor.java:210)
	at org.junit.platform.engine.support.hierarchical.ThrowableCollector.execute(ThrowableCollector.java:73)
	at org.junit.jupiter.engine.descriptor.TestMethodTestDescriptor.invokeTestMethod(TestMethodTestDescriptor.java:206)
	at org.junit.jupiter.engine.descriptor.TestMethodTestDescriptor.execute(TestMethodTestDescriptor.java:131)
	at org.junit.jupiter.engine.descriptor.TestMethodTestDescriptor.execute(TestMethodTestDescriptor.java:65)
	at org.junit.platform.engine.support.hierarchical.NodeTestTask.lambda$executeRecursively$5(NodeTestTask.java:139)
	at org.junit.platform.engine.support.hierarchical.ThrowableCollector.execute(ThrowableCollector.java:73)
	at org.junit.platform.engine.support.hierarchical.NodeTestTask.lambda$executeRecursively$7(NodeTestTask.java:129)
	at org.junit.platform.engine.support.hierarchical.Node.around(Node.java:137)
	at org.junit.platform.engine.support.hierarchical.NodeTestTask.lambda$executeRecursively$8(NodeTestTask.java:127)
	at org.junit.platform.engine.support.hierarchical.ThrowableCollector.execute(ThrowableCollector.java:73)
	at org.junit.platform.engine.support.hierarchical.NodeTestTask.executeRecursively(NodeTestTask.java:126)
	at org.junit.platform.engine.support.hierarchical.NodeTestTask.execute(NodeTestTask.java:84)
	at java.base/java.util.ArrayList.forEach(ArrayList.java:1540)
	at org.junit.platform.engine.support.hierarchical.SameThreadHierarchicalTestExecutorService.invokeAll(SameThreadHierarchicalTestExecutorService.java:38)
	at org.junit.platform.engine.support.hierarchical.NodeTestTask.lambda$executeRecursively$5(NodeTestTask.java:143)
	at org.junit.platform.engine.support.hierarchical.ThrowableCollector.execute(ThrowableCollector.java:73)
	at org.junit.platform.engine.support.hierarchical.NodeTestTask.lambda$executeRecursively$7(NodeTestTask.java:129)
	at org.junit.platform.engine.support.hierarchical.Node.around(Node.java:137)
	at org.junit.platform.engine.support.hierarchical.NodeTestTask.lambda$executeRecursively$8(NodeTestTask.java:127)
	at org.junit.platform.engine.support.hierarchical.ThrowableCollector.execute(ThrowableCollector.java:73)
	at org.junit.platform.engine.support.hierarchical.NodeTestTask.executeRecursively(NodeTestTask.java:126)
	at org.junit.platform.engine.support.hierarchical.NodeTestTask.execute(NodeTestTask.java:84)
	at java.base/java.util.ArrayList.forEach(ArrayList.java:1540)
	at org.junit.platform.engine.support.hierarchical.SameThreadHierarchicalTestExecutorService.invokeAll(SameThreadHierarchicalTestExecutorService.java:38)
	at org.junit.platform.engine.support.hierarchical.NodeTestTask.lambda$executeRecursively$5(NodeTestTask.java:143)
	at org.junit.platform.engine.support.hierarchical.ThrowableCollector.execute(ThrowableCollector.java:73)
	at org.junit.platform.engine.support.hierarchical.NodeTestTask.lambda$executeRecursively$7(NodeTestTask.java:129)
	at org.junit.platform.engine.support.hierarchical.Node.around(Node.java:137)
	at org.junit.platform.engine.support.hierarchical.NodeTestTask.lambda$executeRecursively$8(NodeTestTask.java:127)
	at org.junit.platform.engine.support.hierarchical.ThrowableCollector.execute(ThrowableCollector.java:73)
	at org.junit.platform.engine.support.hierarchical.NodeTestTask.executeRecursively(NodeTestTask.java:126)
	at org.junit.platform.engine.support.hierarchical.NodeTestTask.execute(NodeTestTask.java:84)
	at org.junit.platform.engine.support.hierarchical.SameThreadHierarchicalTestExecutorService.submit(SameThreadHierarchicalTestExecutorService.java:32)
	at org.junit.platform.engine.support.hierarchical.HierarchicalTestExecutor.execute(HierarchicalTestExecutor.java:57)
	at org.junit.platform.engine.support.hierarchical.HierarchicalTestEngine.execute(HierarchicalTestEngine.java:51)
	at org.junit.platform.launcher.core.EngineExecutionOrchestrator.execute(EngineExecutionOrchestrator.java:108)
	at org.junit.platform.launcher.core.EngineExecutionOrchestrator.execute(EngineExecutionOrchestrator.java:88)
	at org.junit.platform.launcher.core.EngineExecutionOrchestrator.lambda$execute$0(EngineExecutionOrchestrator.java:54)
	at org.junit.platform.launcher.core.EngineExecutionOrchestrator.withInterceptedStreams(EngineExecutionOrchestrator.java:67)
	at org.junit.platform.launcher.core.EngineExecutionOrchestrator.execute(EngineExecutionOrchestrator.java:52)
	at org.junit.platform.launcher.core.DefaultLauncher.execute(DefaultLauncher.java:96)
	at org.junit.platform.launcher.core.DefaultLauncher.execute(DefaultLauncher.java:75)
	at org.gradle.api.internal.tasks.testing.junitplatform.JUnitPlatformTestClassProcessor$CollectAllTestClassesExecutor.processAllTestClasses(JUnitPlatformTestClassProcessor.java:99)
	at org.gradle.api.internal.tasks.testing.junitplatform.JUnitPlatformTestClassProcessor$CollectAllTestClassesExecutor.access$000(JUnitPlatformTestClassProcessor.java:79)
	at org.gradle.api.internal.tasks.testing.junitplatform.JUnitPlatformTestClassProcessor.stop(JUnitPlatformTestClassProcessor.java:75)
	at org.gradle.api.internal.tasks.testing.SuiteTestClassProcessor.stop(SuiteTestClassProcessor.java:61)
	at java.base/jdk.internal.reflect.NativeMethodAccessorImpl.invoke0(Native Method)
	at java.base/jdk.internal.reflect.NativeMethodAccessorImpl.invoke(NativeMethodAccessorImpl.java:62)
	at java.base/jdk.internal.reflect.DelegatingMethodAccessorImpl.invoke(DelegatingMethodAccessorImpl.java:43)
	at java.base/java.lang.reflect.Method.invoke(Method.java:566)
	at org.gradle.internal.dispatch.ReflectionDispatch.dispatch(ReflectionDispatch.java:36)
	at org.gradle.internal.dispatch.ReflectionDispatch.dispatch(ReflectionDispatch.java:24)
	at org.gradle.internal.dispatch.ContextClassLoaderDispatch.dispatch(ContextClassLoaderDispatch.java:33)
	at org.gradle.internal.dispatch.ProxyDispatchAdapter$DispatchingInvocationHandler.invoke(ProxyDispatchAdapter.java:94)
	at com.sun.proxy.$Proxy2.stop(Unknown Source)
	at org.gradle.api.internal.tasks.testing.worker.TestWorker.stop(TestWorker.java:133)
	at java.base/jdk.internal.reflect.NativeMethodAccessorImpl.invoke0(Native Method)
	at java.base/jdk.internal.reflect.NativeMethodAccessorImpl.invoke(NativeMethodAccessorImpl.java:62)
	at java.base/jdk.internal.reflect.DelegatingMethodAccessorImpl.invoke(DelegatingMethodAccessorImpl.java:43)
	at java.base/java.lang.reflect.Method.invoke(Method.java:566)
	at org.gradle.internal.dispatch.ReflectionDispatch.dispatch(ReflectionDispatch.java:36)
	at org.gradle.internal.dispatch.ReflectionDispatch.dispatch(ReflectionDispatch.java:24)
	at org.gradle.internal.remote.internal.hub.MessageHubBackedObjectConnection$DispatchWrapper.dispatch(MessageHubBackedObjectConnection.java:182)
	at org.gradle.internal.remote.internal.hub.MessageHubBackedObjectConnection$DispatchWrapper.dispatch(MessageHubBackedObjectConnection.java:164)
	at org.gradle.internal.remote.internal.hub.MessageHub$Handler.run(MessageHub.java:414)
	at org.gradle.internal.concurrent.ExecutorPolicy$CatchAndRecordFailures.onExecute(ExecutorPolicy.java:64)
	at org.gradle.internal.concurrent.ManagedExecutorImpl$1.run(ManagedExecutorImpl.java:48)
	at java.base/java.util.concurrent.ThreadPoolExecutor.runWorker(ThreadPoolExecutor.java:1128)
	at java.base/java.util.concurrent.ThreadPoolExecutor$Worker.run(ThreadPoolExecutor.java:628)
	at org.gradle.internal.concurrent.ThreadFactoryImpl$ManagedThreadRunnable.run(ThreadFactoryImpl.java:56)
	at java.base/java.lang.Thread.run(Thread.java:834)
</failure>
  </testcase>
  <system-out><![CDATA[18:14:34.103 [Test worker] DEBUG org.jboss.logging - Logging Provider: org.jboss.logging.Log4j2LoggerProvider
18:14:34.119 [Test worker] DEBUG org.hibernate.integrator.internal.IntegratorServiceImpl - Adding Integrator [org.hibernate.cfg.beanvalidation.BeanValidationIntegrator].
18:14:34.134 [Test worker] DEBUG org.hibernate.integrator.internal.IntegratorServiceImpl - Adding Integrator [org.hibernate.secure.spi.JaccIntegrator].
18:14:34.134 [Test worker] DEBUG org.hibernate.integrator.internal.IntegratorServiceImpl - Adding Integrator [org.hibernate.cache.internal.CollectionCacheInvalidator].
18:14:34.166 [Test worker] INFO org.hibernate.Version - HHH000412: Hibernate ORM core version 5.4.29.Final
18:14:34.166 [Test worker] DEBUG org.hibernate.cfg.Environment - HHH000206: hibernate.properties not found
18:14:34.400 [Test worker] DEBUG org.hibernate.boot.jaxb.internal.stax.LocalXmlResourceResolver - Interpreting public/system identifier : [-//Hibernate/Hibernate Configuration DTD 3.0//EN] - [http://hibernate.org/dtd/hibernate-configuration-3.0.dtd]
18:14:34.588 [Test worker] DEBUG org.hibernate.boot.cfgxml.internal.JaxbCfgProcessor - cfg.xml document did not define namespaces; wrapping in custom event reader to introduce namespace information
18:14:34.837 [Test worker] DEBUG org.hibernate.service.spi.ServiceBinding - Overriding existing service binding [org.hibernate.secure.spi.JaccService]
18:14:34.853 [Test worker] DEBUG org.hibernate.cache.internal.RegionFactoryInitiator - Cannot default RegionFactory based on registered strategies as `[]` RegionFactory strategies were registered
18:14:34.853 [Test worker] DEBUG org.hibernate.cache.internal.RegionFactoryInitiator - Cache region factory : org.hibernate.cache.internal.NoCachingRegionFactory
18:14:34.884 [Test worker] INFO org.hibernate.annotations.common.Version - HCANN000001: Hibernate Commons Annotations {5.1.2.Final}
18:14:34.915 [Test worker] DEBUG org.hibernate.type.BasicTypeRegistry - Adding type registration boolean -> org.hibernate.type.BooleanType@36962d1a
18:14:34.915 [Test worker] DEBUG org.hibernate.type.BasicTypeRegistry - Adding type registration boolean -> org.hibernate.type.BooleanType@36962d1a
18:14:34.915 [Test worker] DEBUG org.hibernate.type.BasicTypeRegistry - Adding type registration java.lang.Boolean -> org.hibernate.type.BooleanType@36962d1a
18:14:34.915 [Test worker] DEBUG org.hibernate.type.BasicTypeRegistry - Adding type registration numeric_boolean -> org.hibernate.type.NumericBooleanType@42a308d5
18:14:34.915 [Test worker] DEBUG org.hibernate.type.BasicTypeRegistry - Adding type registration true_false -> org.hibernate.type.TrueFalseType@b41ead5
18:14:34.915 [Test worker] DEBUG org.hibernate.type.BasicTypeRegistry - Adding type registration yes_no -> org.hibernate.type.YesNoType@5af817b6
18:14:34.915 [Test worker] DEBUG org.hibernate.type.BasicTypeRegistry - Adding type registration byte -> org.hibernate.type.ByteType@19556060
18:14:34.915 [Test worker] DEBUG org.hibernate.type.BasicTypeRegistry - Adding type registration byte -> org.hibernate.type.ByteType@19556060
18:14:34.915 [Test worker] DEBUG org.hibernate.type.BasicTypeRegistry - Adding type registration java.lang.Byte -> org.hibernate.type.ByteType@19556060
18:14:34.915 [Test worker] DEBUG org.hibernate.type.BasicTypeRegistry - Adding type registration character -> org.hibernate.type.CharacterType@5f727e74
18:14:34.915 [Test worker] DEBUG org.hibernate.type.BasicTypeRegistry - Adding type registration char -> org.hibernate.type.CharacterType@5f727e74
18:14:34.915 [Test worker] DEBUG org.hibernate.type.BasicTypeRegistry - Adding type registration java.lang.Character -> org.hibernate.type.CharacterType@5f727e74
18:14:34.915 [Test worker] DEBUG org.hibernate.type.BasicTypeRegistry - Adding type registration short -> org.hibernate.type.ShortType@51c65988
18:14:34.915 [Test worker] DEBUG org.hibernate.type.BasicTypeRegistry - Adding type registration short -> org.hibernate.type.ShortType@51c65988
18:14:34.915 [Test worker] DEBUG org.hibernate.type.BasicTypeRegistry - Adding type registration java.lang.Short -> org.hibernate.type.ShortType@51c65988
18:14:34.915 [Test worker] DEBUG org.hibernate.type.BasicTypeRegistry - Adding type registration integer -> org.hibernate.type.IntegerType@32813bc
18:14:34.915 [Test worker] DEBUG org.hibernate.type.BasicTypeRegistry - Adding type registration int -> org.hibernate.type.IntegerType@32813bc
18:14:34.915 [Test worker] DEBUG org.hibernate.type.BasicTypeRegistry - Adding type registration java.lang.Integer -> org.hibernate.type.IntegerType@32813bc
18:14:34.915 [Test worker] DEBUG org.hibernate.type.BasicTypeRegistry - Adding type registration long -> org.hibernate.type.LongType@183ae99
18:14:34.915 [Test worker] DEBUG org.hibernate.type.BasicTypeRegistry - Adding type registration long -> org.hibernate.type.LongType@183ae99
18:14:34.915 [Test worker] DEBUG org.hibernate.type.BasicTypeRegistry - Adding type registration java.lang.Long -> org.hibernate.type.LongType@183ae99
18:14:34.915 [Test worker] DEBUG org.hibernate.type.BasicTypeRegistry - Adding type registration float -> org.hibernate.type.FloatType@17430b6b
18:14:34.915 [Test worker] DEBUG org.hibernate.type.BasicTypeRegistry - Adding type registration float -> org.hibernate.type.FloatType@17430b6b
18:14:34.915 [Test worker] DEBUG org.hibernate.type.BasicTypeRegistry - Adding type registration java.lang.Float -> org.hibernate.type.FloatType@17430b6b
18:14:34.931 [Test worker] DEBUG org.hibernate.type.BasicTypeRegistry - Adding type registration double -> org.hibernate.type.DoubleType@31897758
18:14:34.931 [Test worker] DEBUG org.hibernate.type.BasicTypeRegistry - Adding type registration double -> org.hibernate.type.DoubleType@31897758
18:14:34.931 [Test worker] DEBUG org.hibernate.type.BasicTypeRegistry - Adding type registration java.lang.Double -> org.hibernate.type.DoubleType@31897758
18:14:34.931 [Test worker] DEBUG org.hibernate.type.BasicTypeRegistry - Adding type registration big_decimal -> org.hibernate.type.BigDecimalType@1fae5192
18:14:34.931 [Test worker] DEBUG org.hibernate.type.BasicTypeRegistry - Adding type registration java.math.BigDecimal -> org.hibernate.type.BigDecimalType@1fae5192
18:14:34.931 [Test worker] DEBUG org.hibernate.type.BasicTypeRegistry - Adding type registration big_integer -> org.hibernate.type.BigIntegerType@1e60a375
18:14:34.931 [Test worker] DEBUG org.hibernate.type.BasicTypeRegistry - Adding type registration java.math.BigInteger -> org.hibernate.type.BigIntegerType@1e60a375
18:14:34.931 [Test worker] DEBUG org.hibernate.type.BasicTypeRegistry - Adding type registration string -> org.hibernate.type.StringType@470141fe
18:14:34.931 [Test worker] DEBUG org.hibernate.type.BasicTypeRegistry - Adding type registration java.lang.String -> org.hibernate.type.StringType@470141fe
18:14:34.931 [Test worker] DEBUG org.hibernate.type.BasicTypeRegistry - Adding type registration nstring -> org.hibernate.type.StringNVarcharType@5a0ab49d
18:14:34.931 [Test worker] DEBUG org.hibernate.type.BasicTypeRegistry - Adding type registration ncharacter -> org.hibernate.type.CharacterNCharType@4f7abd7e
18:14:34.931 [Test worker] DEBUG org.hibernate.type.BasicTypeRegistry - Adding type registration url -> org.hibernate.type.UrlType@44d815b5
18:14:34.931 [Test worker] DEBUG org.hibernate.type.BasicTypeRegistry - Adding type registration java.net.URL -> org.hibernate.type.UrlType@44d815b5
18:14:34.931 [Test worker] DEBUG org.hibernate.type.BasicTypeRegistry - Adding type registration Duration -> org.hibernate.type.DurationType@37d5d020
18:14:34.931 [Test worker] DEBUG org.hibernate.type.BasicTypeRegistry - Adding type registration java.time.Duration -> org.hibernate.type.DurationType@37d5d020
18:14:34.947 [Test worker] DEBUG org.hibernate.type.BasicTypeRegistry - Adding type registration Instant -> org.hibernate.type.InstantType@2adabcbc
18:14:34.947 [Test worker] DEBUG org.hibernate.type.BasicTypeRegistry - Adding type registration java.time.Instant -> org.hibernate.type.InstantType@2adabcbc
18:14:34.947 [Test worker] DEBUG org.hibernate.type.BasicTypeRegistry - Adding type registration LocalDateTime -> org.hibernate.type.LocalDateTimeType@4e6719b0
18:14:34.947 [Test worker] DEBUG org.hibernate.type.BasicTypeRegistry - Adding type registration java.time.LocalDateTime -> org.hibernate.type.LocalDateTimeType@4e6719b0
18:14:34.947 [Test worker] DEBUG org.hibernate.type.BasicTypeRegistry - Adding type registration LocalDate -> org.hibernate.type.LocalDateType@42ccaf0e
18:14:34.947 [Test worker] DEBUG org.hibernate.type.BasicTypeRegistry - Adding type registration java.time.LocalDate -> org.hibernate.type.LocalDateType@42ccaf0e
18:14:34.947 [Test worker] DEBUG org.hibernate.type.BasicTypeRegistry - Adding type registration LocalTime -> org.hibernate.type.LocalTimeType@fa647e9
18:14:34.947 [Test worker] DEBUG org.hibernate.type.BasicTypeRegistry - Adding type registration java.time.LocalTime -> org.hibernate.type.LocalTimeType@fa647e9
18:14:34.947 [Test worker] DEBUG org.hibernate.type.BasicTypeRegistry - Adding type registration OffsetDateTime -> org.hibernate.type.OffsetDateTimeType@27c94c68
18:14:34.947 [Test worker] DEBUG org.hibernate.type.BasicTypeRegistry - Adding type registration java.time.OffsetDateTime -> org.hibernate.type.OffsetDateTimeType@27c94c68
18:14:34.947 [Test worker] DEBUG org.hibernate.type.BasicTypeRegistry - Adding type registration OffsetTime -> org.hibernate.type.OffsetTimeType@3c6ef2af
18:14:34.947 [Test worker] DEBUG org.hibernate.type.BasicTypeRegistry - Adding type registration java.time.OffsetTime -> org.hibernate.type.OffsetTimeType@3c6ef2af
18:14:34.947 [Test worker] DEBUG org.hibernate.type.BasicTypeRegistry - Adding type registration ZonedDateTime -> org.hibernate.type.ZonedDateTimeType@40f021e4
18:14:34.947 [Test worker] DEBUG org.hibernate.type.BasicTypeRegistry - Adding type registration java.time.ZonedDateTime -> org.hibernate.type.ZonedDateTimeType@40f021e4
18:14:34.947 [Test worker] DEBUG org.hibernate.type.BasicTypeRegistry - Adding type registration date -> org.hibernate.type.DateType@2d6909b4
18:14:34.947 [Test worker] DEBUG org.hibernate.type.BasicTypeRegistry - Adding type registration java.sql.Date -> org.hibernate.type.DateType@2d6909b4
18:14:34.947 [Test worker] DEBUG org.hibernate.type.BasicTypeRegistry - Adding type registration time -> org.hibernate.type.TimeType@347e27af
18:14:34.947 [Test worker] DEBUG org.hibernate.type.BasicTypeRegistry - Adding type registration java.sql.Time -> org.hibernate.type.TimeType@347e27af
18:14:34.947 [Test worker] DEBUG org.hibernate.type.BasicTypeRegistry - Adding type registration timestamp -> org.hibernate.type.TimestampType@2bbabafb
18:14:34.947 [Test worker] DEBUG org.hibernate.type.BasicTypeRegistry - Adding type registration java.sql.Timestamp -> org.hibernate.type.TimestampType@2bbabafb
18:14:34.947 [Test worker] DEBUG org.hibernate.type.BasicTypeRegistry - Adding type registration java.util.Date -> org.hibernate.type.TimestampType@2bbabafb
18:14:34.962 [Test worker] DEBUG org.hibernate.type.BasicTypeRegistry - Adding type registration dbtimestamp -> org.hibernate.type.DbTimestampType@2aee8351
18:14:34.962 [Test worker] DEBUG org.hibernate.type.BasicTypeRegistry - Adding type registration calendar -> org.hibernate.type.CalendarType@7aa21f2a
18:14:34.962 [Test worker] DEBUG org.hibernate.type.BasicTypeRegistry - Adding type registration java.util.Calendar -> org.hibernate.type.CalendarType@7aa21f2a
18:14:34.962 [Test worker] DEBUG org.hibernate.type.BasicTypeRegistry - Adding type registration java.util.GregorianCalendar -> org.hibernate.type.CalendarType@7aa21f2a
18:14:34.962 [Test worker] DEBUG org.hibernate.type.BasicTypeRegistry - Adding type registration calendar_date -> org.hibernate.type.CalendarDateType@2371c7a1
18:14:34.962 [Test worker] DEBUG org.hibernate.type.BasicTypeRegistry - Adding type registration calendar_time -> org.hibernate.type.CalendarTimeType@ac66aa0
18:14:34.962 [Test worker] DEBUG org.hibernate.type.BasicTypeRegistry - Adding type registration locale -> org.hibernate.type.LocaleType@22d9f2fd
18:14:34.962 [Test worker] DEBUG org.hibernate.type.BasicTypeRegistry - Adding type registration java.util.Locale -> org.hibernate.type.LocaleType@22d9f2fd
18:14:34.962 [Test worker] DEBUG org.hibernate.type.BasicTypeRegistry - Adding type registration currency -> org.hibernate.type.CurrencyType@7d1be7f7
18:14:34.962 [Test worker] DEBUG org.hibernate.type.BasicTypeRegistry - Adding type registration java.util.Currency -> org.hibernate.type.CurrencyType@7d1be7f7
18:14:34.962 [Test worker] DEBUG org.hibernate.type.BasicTypeRegistry - Adding type registration timezone -> org.hibernate.type.TimeZoneType@5456c7d9
18:14:34.962 [Test worker] DEBUG org.hibernate.type.BasicTypeRegistry - Adding type registration java.util.TimeZone -> org.hibernate.type.TimeZoneType@5456c7d9
18:14:34.962 [Test worker] DEBUG org.hibernate.type.BasicTypeRegistry - Adding type registration class -> org.hibernate.type.ClassType@40d82c37
18:14:34.962 [Test worker] DEBUG org.hibernate.type.BasicTypeRegistry - Adding type registration java.lang.Class -> org.hibernate.type.ClassType@40d82c37
18:14:34.962 [Test worker] DEBUG org.hibernate.type.BasicTypeRegistry - Adding type registration uuid-binary -> org.hibernate.type.UUIDBinaryType@3e01fa07
18:14:34.962 [Test worker] DEBUG org.hibernate.type.BasicTypeRegistry - Adding type registration java.util.UUID -> org.hibernate.type.UUIDBinaryType@3e01fa07
18:14:34.962 [Test worker] DEBUG org.hibernate.type.BasicTypeRegistry - Adding type registration uuid-char -> org.hibernate.type.UUIDCharType@5c69bee3
18:14:34.962 [Test worker] DEBUG org.hibernate.type.BasicTypeRegistry - Adding type registration binary -> org.hibernate.type.BinaryType@20776de4
18:14:34.962 [Test worker] DEBUG org.hibernate.type.BasicTypeRegistry - Adding type registration byte[] -> org.hibernate.type.BinaryType@20776de4
18:14:34.962 [Test worker] DEBUG org.hibernate.type.BasicTypeRegistry - Adding type registration [B -> org.hibernate.type.BinaryType@20776de4
18:14:34.962 [Test worker] DEBUG org.hibernate.type.BasicTypeRegistry - Adding type registration wrapper-binary -> org.hibernate.type.WrapperBinaryType@61aafd92
18:14:34.962 [Test worker] DEBUG org.hibernate.type.BasicTypeRegistry - Adding type registration Byte[] -> org.hibernate.type.WrapperBinaryType@61aafd92
18:14:34.962 [Test worker] DEBUG org.hibernate.type.BasicTypeRegistry - Adding type registration [Ljava.lang.Byte; -> org.hibernate.type.WrapperBinaryType@61aafd92
18:14:34.962 [Test worker] DEBUG org.hibernate.type.BasicTypeRegistry - Adding type registration row_version -> org.hibernate.type.RowVersionType@55e3c881
18:14:34.962 [Test worker] DEBUG org.hibernate.type.BasicTypeRegistry - Adding type registration image -> org.hibernate.type.ImageType@21030675
18:14:34.978 [Test worker] DEBUG org.hibernate.type.BasicTypeRegistry - Adding type registration characters -> org.hibernate.type.CharArrayType@36e73b9a
18:14:34.978 [Test worker] DEBUG org.hibernate.type.BasicTypeRegistry - Adding type registration char[] -> org.hibernate.type.CharArrayType@36e73b9a
18:14:34.978 [Test worker] DEBUG org.hibernate.type.BasicTypeRegistry - Adding type registration [C -> org.hibernate.type.CharArrayType@36e73b9a
18:14:34.978 [Test worker] DEBUG org.hibernate.type.BasicTypeRegistry - Adding type registration wrapper-characters -> org.hibernate.type.CharacterArrayType@321671b1
18:14:34.978 [Test worker] DEBUG org.hibernate.type.BasicTypeRegistry - Adding type registration [Ljava.lang.Character; -> org.hibernate.type.CharacterArrayType@321671b1
18:14:34.978 [Test worker] DEBUG org.hibernate.type.BasicTypeRegistry - Adding type registration Character[] -> org.hibernate.type.CharacterArrayType@321671b1
18:14:34.978 [Test worker] DEBUG org.hibernate.type.BasicTypeRegistry - Adding type registration text -> org.hibernate.type.TextType@627ca1aa
18:14:34.978 [Test worker] DEBUG org.hibernate.type.BasicTypeRegistry - Adding type registration ntext -> org.hibernate.type.NTextType@2a11a08e
18:14:34.978 [Test worker] DEBUG org.hibernate.type.BasicTypeRegistry - Adding type registration blob -> org.hibernate.type.BlobType@6b71d3a9
18:14:34.978 [Test worker] DEBUG org.hibernate.type.BasicTypeRegistry - Adding type registration java.sql.Blob -> org.hibernate.type.BlobType@6b71d3a9
18:14:34.978 [Test worker] DEBUG org.hibernate.type.BasicTypeRegistry - Adding type registration materialized_blob -> org.hibernate.type.MaterializedBlobType@30d299a
18:14:34.978 [Test worker] DEBUG org.hibernate.type.BasicTypeRegistry - Adding type registration clob -> org.hibernate.type.ClobType@20883617
18:14:34.978 [Test worker] DEBUG org.hibernate.type.BasicTypeRegistry - Adding type registration java.sql.Clob -> org.hibernate.type.ClobType@20883617
18:14:34.978 [Test worker] DEBUG org.hibernate.type.BasicTypeRegistry - Adding type registration nclob -> org.hibernate.type.NClobType@26929505
18:14:34.978 [Test worker] DEBUG org.hibernate.type.BasicTypeRegistry - Adding type registration java.sql.NClob -> org.hibernate.type.NClobType@26929505
18:14:34.978 [Test worker] DEBUG org.hibernate.type.BasicTypeRegistry - Adding type registration materialized_clob -> org.hibernate.type.MaterializedClobType@6f852118
18:14:34.978 [Test worker] DEBUG org.hibernate.type.BasicTypeRegistry - Adding type registration materialized_nclob -> org.hibernate.type.MaterializedNClobType@450a4668
18:14:34.993 [Test worker] DEBUG org.hibernate.type.BasicTypeRegistry - Adding type registration serializable -> org.hibernate.type.SerializableType@6b5ba4fd
18:14:34.993 [Test worker] DEBUG org.hibernate.type.BasicTypeRegistry - Adding type registration object -> org.hibernate.type.ObjectType@1f305f8c
18:14:34.993 [Test worker] DEBUG org.hibernate.type.BasicTypeRegistry - Adding type registration java.lang.Object -> org.hibernate.type.ObjectType@1f305f8c
18:14:34.993 [Test worker] DEBUG org.hibernate.type.BasicTypeRegistry - Adding type registration imm_date -> org.hibernate.type.AdaptedImmutableType@1b7cc469
18:14:34.993 [Test worker] DEBUG org.hibernate.type.BasicTypeRegistry - Adding type registration imm_time -> org.hibernate.type.AdaptedImmutableType@7c40840
18:14:34.993 [Test worker] DEBUG org.hibernate.type.BasicTypeRegistry - Adding type registration imm_timestamp -> org.hibernate.type.AdaptedImmutableType@48021504
18:14:34.993 [Test worker] DEBUG org.hibernate.type.BasicTypeRegistry - Adding type registration imm_dbtimestamp -> org.hibernate.type.AdaptedImmutableType@27f8c6c4
18:14:34.993 [Test worker] DEBUG org.hibernate.type.BasicTypeRegistry - Adding type registration imm_calendar -> org.hibernate.type.AdaptedImmutableType@5a5a11de
18:14:34.993 [Test worker] DEBUG org.hibernate.type.BasicTypeRegistry - Adding type registration imm_calendar_date -> org.hibernate.type.AdaptedImmutableType@7dfb84dd
18:14:34.993 [Test worker] DEBUG org.hibernate.type.BasicTypeRegistry - Adding type registration imm_binary -> org.hibernate.type.AdaptedImmutableType@25890453
18:14:34.993 [Test worker] DEBUG org.hibernate.type.BasicTypeRegistry - Adding type registration imm_serializable -> org.hibernate.type.AdaptedImmutableType@44a628c0
18:14:35.025 [Test worker] DEBUG org.hibernate.id.factory.internal.DefaultIdentifierGeneratorFactory - Registering IdentifierGenerator strategy [uuid2] -> [org.hibernate.id.UUIDGenerator]
18:14:35.025 [Test worker] DEBUG org.hibernate.id.factory.internal.DefaultIdentifierGeneratorFactory - Registering IdentifierGenerator strategy [guid] -> [org.hibernate.id.GUIDGenerator]
18:14:35.025 [Test worker] DEBUG org.hibernate.id.factory.internal.DefaultIdentifierGeneratorFactory - Registering IdentifierGenerator strategy [uuid] -> [org.hibernate.id.UUIDHexGenerator]
18:14:35.025 [Test worker] DEBUG org.hibernate.id.factory.internal.DefaultIdentifierGeneratorFactory - Registering IdentifierGenerator strategy [uuid.hex] -> [org.hibernate.id.UUIDHexGenerator]
18:14:35.025 [Test worker] DEBUG org.hibernate.id.factory.internal.DefaultIdentifierGeneratorFactory - Registering IdentifierGenerator strategy [assigned] -> [org.hibernate.id.Assigned]
18:14:35.025 [Test worker] DEBUG org.hibernate.id.factory.internal.DefaultIdentifierGeneratorFactory - Registering IdentifierGenerator strategy [identity] -> [org.hibernate.id.IdentityGenerator]
18:14:35.025 [Test worker] DEBUG org.hibernate.id.factory.internal.DefaultIdentifierGeneratorFactory - Registering IdentifierGenerator strategy [select] -> [org.hibernate.id.SelectGenerator]
18:14:35.025 [Test worker] DEBUG org.hibernate.id.factory.internal.DefaultIdentifierGeneratorFactory - Registering IdentifierGenerator strategy [sequence] -> [org.hibernate.id.enhanced.SequenceStyleGenerator]
18:14:35.025 [Test worker] DEBUG org.hibernate.id.factory.internal.DefaultIdentifierGeneratorFactory - Registering IdentifierGenerator strategy [seqhilo] -> [org.hibernate.id.SequenceHiLoGenerator]
18:14:35.025 [Test worker] DEBUG org.hibernate.id.factory.internal.DefaultIdentifierGeneratorFactory - Registering IdentifierGenerator strategy [increment] -> [org.hibernate.id.IncrementGenerator]
18:14:35.025 [Test worker] DEBUG org.hibernate.id.factory.internal.DefaultIdentifierGeneratorFactory - Registering IdentifierGenerator strategy [foreign] -> [org.hibernate.id.ForeignGenerator]
18:14:35.025 [Test worker] DEBUG org.hibernate.id.factory.internal.DefaultIdentifierGeneratorFactory - Registering IdentifierGenerator strategy [sequence-identity] -> [org.hibernate.id.SequenceIdentityGenerator]
18:14:35.025 [Test worker] DEBUG org.hibernate.id.factory.internal.DefaultIdentifierGeneratorFactory - Registering IdentifierGenerator strategy [enhanced-sequence] -> [org.hibernate.id.enhanced.SequenceStyleGenerator]
18:14:35.025 [Test worker] DEBUG org.hibernate.id.factory.internal.DefaultIdentifierGeneratorFactory - Registering IdentifierGenerator strategy [enhanced-table] -> [org.hibernate.id.enhanced.TableGenerator]
18:14:35.025 [Test worker] WARN org.hibernate.orm.connections.pooling - HHH10001002: Using Hibernate built-in connection pool (not for production use!)
18:14:35.040 [Test worker] INFO org.hibernate.orm.connections.pooling - HHH10001005: using driver [org.sqlite.JDBC] at URL [jdbc:sqlite:D:\Facultate\Projects\OrganizareCompanie\database]
18:14:35.040 [Test worker] INFO org.hibernate.orm.connections.pooling - HHH10001001: Connection properties: {password=root, user=root}
18:14:35.040 [Test worker] INFO org.hibernate.orm.connections.pooling - HHH10001003: Autocommit mode: false
18:14:35.040 [Test worker] DEBUG org.hibernate.engine.jdbc.connections.internal.DriverManagerConnectionProviderImpl - Initializing Connection pool with 1 Connections
18:14:35.040 [Test worker] INFO org.hibernate.engine.jdbc.connections.internal.DriverManagerConnectionProviderImpl - HHH000115: Hibernate connection pool size: 1 (min=1)
18:14:35.134 [Test worker] DEBUG org.hibernate.engine.jdbc.env.internal.JdbcEnvironmentInitiator - Database ->
       name : SQLite
    version : 3.34.0
      major : 3
      minor : 34
18:14:35.134 [Test worker] DEBUG org.hibernate.engine.jdbc.env.internal.JdbcEnvironmentInitiator - Driver ->
       name : SQLite JDBC
    version : 3.34.0
      major : 3
      minor : 34
18:14:35.134 [Test worker] DEBUG org.hibernate.engine.jdbc.env.internal.JdbcEnvironmentInitiator - JDBC version : 2.1
18:14:35.150 [Test worker] INFO org.hibernate.dialect.Dialect - HHH000400: Using dialect: utils.SQLiteDialect
18:14:35.165 [Test worker] DEBUG org.hibernate.engine.jdbc.env.spi.IdentifierHelperBuilder - JDBC driver metadata reported database stores quoted identifiers in neither upper, lower nor mixed case
18:14:35.165 [Test worker] DEBUG org.hibernate.engine.jdbc.env.spi.IdentifierHelperBuilder - IdentifierCaseStrategy for both quoted and unquoted identifiers was set to the same strategy [MIXED]; that will likely lead to problems in schema update and validation if using quoted identifiers
18:14:35.181 [Test worker] DEBUG org.hibernate.engine.jdbc.env.internal.LobCreatorBuilderImpl - HHH000423: Disabling contextual LOB creation as JDBC driver reported JDBC version [2] less than 4
18:14:35.181 [Test worker] DEBUG org.hibernate.boot.model.relational.Namespace - Created database namespace [logicalName=Name{catalog=null, schema=null}, physicalName=Name{catalog=null, schema=null}]
18:14:35.196 [Test worker] DEBUG org.hibernate.type.descriptor.java.JavaTypeDescriptorRegistry - JavaTypeDescriptorRegistry entry replaced : class java.time.Duration -> org.hibernate.type.descriptor.java.DurationJavaDescriptor@7d342af5 (was org.hibernate.type.descriptor.java.DurationJavaDescriptor@7d342af5)
18:14:35.196 [Test worker] DEBUG org.hibernate.type.descriptor.java.JavaTypeDescriptorRegistry - JavaTypeDescriptorRegistry entry replaced : class java.time.Instant -> org.hibernate.type.descriptor.java.InstantJavaDescriptor@6e6d9fc6 (was org.hibernate.type.descriptor.java.InstantJavaDescriptor@6e6d9fc6)
18:14:35.196 [Test worker] DEBUG org.hibernate.type.descriptor.java.JavaTypeDescriptorRegistry - JavaTypeDescriptorRegistry entry replaced : class java.time.LocalDate -> org.hibernate.type.descriptor.java.LocalDateJavaDescriptor@53a5c941 (was org.hibernate.type.descriptor.java.LocalDateJavaDescriptor@53a5c941)
18:14:35.196 [Test worker] DEBUG org.hibernate.type.descriptor.java.JavaTypeDescriptorRegistry - JavaTypeDescriptorRegistry entry replaced : class java.time.LocalDateTime -> org.hibernate.type.descriptor.java.LocalDateTimeJavaDescriptor@26897341 (was org.hibernate.type.descriptor.java.LocalDateTimeJavaDescriptor@26897341)
18:14:35.196 [Test worker] DEBUG org.hibernate.type.descriptor.java.JavaTypeDescriptorRegistry - JavaTypeDescriptorRegistry entry replaced : class java.time.OffsetDateTime -> org.hibernate.type.descriptor.java.OffsetDateTimeJavaDescriptor@7ab696e7 (was org.hibernate.type.descriptor.java.OffsetDateTimeJavaDescriptor@7ab696e7)
18:14:35.196 [Test worker] DEBUG org.hibernate.type.descriptor.java.JavaTypeDescriptorRegistry - JavaTypeDescriptorRegistry entry replaced : class java.time.OffsetTime -> org.hibernate.type.descriptor.java.OffsetTimeJavaDescriptor@78a7a5d8 (was org.hibernate.type.descriptor.java.OffsetTimeJavaDescriptor@78a7a5d8)
18:14:35.196 [Test worker] DEBUG org.hibernate.type.descriptor.java.JavaTypeDescriptorRegistry - JavaTypeDescriptorRegistry entry replaced : class java.time.ZonedDateTime -> org.hibernate.type.descriptor.java.ZonedDateTimeJavaDescriptor@535944c (was org.hibernate.type.descriptor.java.ZonedDateTimeJavaDescriptor@535944c)
18:14:35.196 [Test worker] DEBUG org.hibernate.type.BasicTypeRegistry - Adding type registration Duration -> org.hibernate.type.DurationType@37d5d020
18:14:35.196 [Test worker] DEBUG org.hibernate.type.BasicTypeRegistry - Adding type registration java.time.Duration -> org.hibernate.type.DurationType@37d5d020
18:14:35.196 [Test worker] DEBUG org.hibernate.type.BasicTypeRegistry - Adding type registration Instant -> org.hibernate.type.InstantType@2adabcbc
18:14:35.196 [Test worker] DEBUG org.hibernate.type.BasicTypeRegistry - Adding type registration java.time.Instant -> org.hibernate.type.InstantType@2adabcbc
18:14:35.196 [Test worker] DEBUG org.hibernate.type.BasicTypeRegistry - Adding type registration LocalDateTime -> org.hibernate.type.LocalDateTimeType@4e6719b0
18:14:35.196 [Test worker] DEBUG org.hibernate.type.BasicTypeRegistry - Adding type registration java.time.LocalDateTime -> org.hibernate.type.LocalDateTimeType@4e6719b0
18:14:35.196 [Test worker] DEBUG org.hibernate.type.BasicTypeRegistry - Adding type registration LocalDate -> org.hibernate.type.LocalDateType@42ccaf0e
18:14:35.196 [Test worker] DEBUG org.hibernate.type.BasicTypeRegistry - Adding type registration java.time.LocalDate -> org.hibernate.type.LocalDateType@42ccaf0e
18:14:35.196 [Test worker] DEBUG org.hibernate.type.BasicTypeRegistry - Adding type registration LocalTime -> org.hibernate.type.LocalTimeType@fa647e9
18:14:35.196 [Test worker] DEBUG org.hibernate.type.BasicTypeRegistry - Adding type registration java.time.LocalTime -> org.hibernate.type.LocalTimeType@fa647e9
18:14:35.196 [Test worker] DEBUG org.hibernate.type.BasicTypeRegistry - Adding type registration OffsetDateTime -> org.hibernate.type.OffsetDateTimeType@27c94c68
18:14:35.196 [Test worker] DEBUG org.hibernate.type.BasicTypeRegistry - Adding type registration java.time.OffsetDateTime -> org.hibernate.type.OffsetDateTimeType@27c94c68
18:14:35.196 [Test worker] DEBUG org.hibernate.type.BasicTypeRegistry - Adding type registration OffsetTime -> org.hibernate.type.OffsetTimeType@3c6ef2af
18:14:35.196 [Test worker] DEBUG org.hibernate.type.BasicTypeRegistry - Adding type registration java.time.OffsetTime -> org.hibernate.type.OffsetTimeType@3c6ef2af
18:14:35.196 [Test worker] DEBUG org.hibernate.type.BasicTypeRegistry - Adding type registration ZonedDateTime -> org.hibernate.type.ZonedDateTimeType@40f021e4
18:14:35.196 [Test worker] DEBUG org.hibernate.type.BasicTypeRegistry - Adding type registration java.time.ZonedDateTime -> org.hibernate.type.ZonedDateTimeType@40f021e4
18:14:35.196 [Test worker] DEBUG org.hibernate.type.spi.TypeConfiguration$Scope - Scoping TypeConfiguration [org.hibernate.type.spi.TypeConfiguration@55bb9035] to MetadataBuildingContext [org.hibernate.boot.internal.MetadataBuildingContextRootImpl@66908141]
18:14:35.259 [Test worker] DEBUG org.hibernate.cfg.AnnotationBinder - Binding entity from annotated class: domain.Angajat
18:14:35.275 [Test worker] DEBUG org.hibernate.cfg.Ejb3Column - Binding column: Ejb3DiscriminatorColumn{logicalColumnName'DTYPE', discriminatorTypeName='string'}
18:14:35.290 [Test worker] DEBUG org.hibernate.cfg.annotations.EntityBinder - Import with entity name Angajat
18:14:35.290 [Test worker] DEBUG org.hibernate.cfg.annotations.EntityBinder - Bind entity domain.Angajat on table angajati
18:14:35.306 [Test worker] DEBUG org.hibernate.cfg.Ejb3Column - Binding column: Ejb3Column{table=org.hibernate.mapping.Table(angajati), mappingColumn=id, insertable=true, updatable=true, unique=false}
18:14:35.321 [Test worker] DEBUG org.hibernate.boot.internal.ClassLoaderAccessImpl - Not known whether passed class name [domain.Angajat] is safe
18:14:35.321 [Test worker] DEBUG org.hibernate.boot.internal.ClassLoaderAccessImpl - No temp ClassLoader provided; using live ClassLoader for loading potentially unsafe class : domain.Angajat
18:14:35.321 [Test worker] DEBUG org.hibernate.cfg.annotations.PropertyBinder - MetadataSourceProcessor property id with lazy=false
18:14:35.321 [Test worker] DEBUG org.hibernate.cfg.AbstractPropertyHolder - Attempting to locate auto-apply AttributeConverter for property [domain.Angajat:id]
18:14:35.321 [Test worker] DEBUG org.hibernate.cfg.annotations.SimpleValueBinder - building SimpleValue for id
18:14:35.321 [Test worker] DEBUG org.hibernate.cfg.annotations.PropertyBinder - Building property id
18:14:35.321 [Test worker] DEBUG org.hibernate.cfg.BinderHelper - #makeIdGenerator(org.hibernate.mapping.SimpleValue([org.hibernate.mapping.Column(id)]), id, identity, , ...)
18:14:35.321 [Test worker] DEBUG org.hibernate.cfg.Ejb3Column - Binding column: Ejb3JoinColumn{logicalColumnName='null', referencedColumn='null', mappedBy='angajat'}
18:14:35.337 [Test worker] DEBUG org.hibernate.cfg.Ejb3Column - Binding column: Ejb3Column{table=org.hibernate.mapping.Table(angajati), mappingColumn=concedii, insertable=true, updatable=true, unique=false}
18:14:35.337 [Test worker] DEBUG org.hibernate.cfg.Ejb3Column - Binding column: Ejb3Column{table=org.hibernate.mapping.Table(angajati), mappingColumn=null, insertable=true, updatable=true, unique=false}
18:14:35.337 [Test worker] DEBUG org.hibernate.cfg.Ejb3Column - Binding column: Ejb3Column{table=org.hibernate.mapping.Table(angajati), mappingColumn=element, insertable=true, updatable=true, unique=false}
18:14:35.337 [Test worker] DEBUG org.hibernate.cfg.Ejb3Column - Binding column: Ejb3Column{table=org.hibernate.mapping.Table(angajati), mappingColumn=concedii_KEY, insertable=true, updatable=true, unique=false}
18:14:35.337 [Test worker] DEBUG org.hibernate.cfg.Ejb3Column - Binding column: Ejb3JoinColumn{logicalColumnName='concedii_KEY', referencedColumn='null', mappedBy='null'}
18:14:35.337 [Test worker] DEBUG org.hibernate.cfg.Ejb3Column - Binding column: Ejb3JoinColumn{logicalColumnName='null', referencedColumn='null', mappedBy='angajat'}
18:14:35.337 [Test worker] DEBUG org.hibernate.cfg.Ejb3Column - Binding column: Ejb3JoinColumn{logicalColumnName='null', referencedColumn='null', mappedBy='angajat'}
18:14:35.337 [Test worker] DEBUG org.hibernate.cfg.annotations.CollectionBinder - Collection role: domain.Angajat.concedii
18:14:35.353 [Test worker] DEBUG org.hibernate.cfg.annotations.PropertyBinder - Building property concedii
18:14:35.353 [Test worker] DEBUG org.hibernate.cfg.Ejb3Column - Binding column: Ejb3Column{table=org.hibernate.mapping.Table(angajati), mappingColumn=data_angajare, insertable=true, updatable=true, unique=false}
18:14:35.353 [Test worker] DEBUG org.hibernate.cfg.annotations.PropertyBinder - MetadataSourceProcessor property dataAngajare with lazy=false
18:14:35.353 [Test worker] DEBUG org.hibernate.cfg.AbstractPropertyHolder - Attempting to locate auto-apply AttributeConverter for property [domain.Angajat:dataAngajare]
18:14:35.353 [Test worker] DEBUG org.hibernate.cfg.annotations.SimpleValueBinder - building SimpleValue for dataAngajare
18:14:35.353 [Test worker] DEBUG org.hibernate.cfg.annotations.PropertyBinder - Building property dataAngajare
18:14:35.353 [Test worker] DEBUG org.hibernate.cfg.Ejb3Column - Binding column: Ejb3Column{table=org.hibernate.mapping.Table(angajati), mappingColumn=null, insertable=true, updatable=true, unique=false}
18:14:35.353 [Test worker] DEBUG org.hibernate.cfg.Ejb3Column - Binding column: Ejb3Column{table=org.hibernate.mapping.Table(angajati), mappingColumn=element, insertable=true, updatable=true, unique=false}
18:14:35.353 [Test worker] DEBUG org.hibernate.cfg.Ejb3Column - Binding column: Ejb3Column{table=org.hibernate.mapping.Table(angajati), mappingColumn=departamente_KEY, insertable=true, updatable=true, unique=false}
18:14:35.353 [Test worker] DEBUG org.hibernate.cfg.Ejb3Column - Binding column: Ejb3JoinColumn{logicalColumnName='departamente_KEY', referencedColumn='null', mappedBy='null'}
18:14:35.353 [Test worker] DEBUG org.hibernate.cfg.Ejb3Column - Binding column: Ejb3JoinColumn{logicalColumnName='id_angajat', referencedColumn='', mappedBy=''}
18:14:35.353 [Test worker] DEBUG org.hibernate.cfg.Ejb3Column - Binding column: Ejb3JoinColumn{logicalColumnName='id_departament', referencedColumn='', mappedBy=''}
18:14:35.353 [Test worker] DEBUG org.hibernate.cfg.annotations.CollectionBinder - Collection role: domain.Angajat.departamente
18:14:35.353 [Test worker] DEBUG org.hibernate.cfg.annotations.PropertyBinder - Building property departamente
18:14:35.353 [Test worker] DEBUG org.hibernate.cfg.Ejb3Column - Binding column: Ejb3JoinColumn{logicalColumnName='null', referencedColumn='null', mappedBy='null'}
18:14:35.353 [Test worker] DEBUG org.hibernate.cfg.Ejb3Column - Binding column: Ejb3Column{table=org.hibernate.mapping.Table(angajati), mappingColumn=functie, insertable=true, updatable=true, unique=false}
18:14:35.353 [Test worker] DEBUG org.hibernate.cfg.annotations.PropertyBinder - Building property functie
18:14:35.353 [Test worker] DEBUG org.hibernate.cfg.Ejb3Column - Binding column: Ejb3Column{table=org.hibernate.mapping.Table(angajati), mappingColumn=id_superior, insertable=true, updatable=true, unique=false}
18:14:35.353 [Test worker] DEBUG org.hibernate.cfg.annotations.PropertyBinder - MetadataSourceProcessor property idSuperior with lazy=false
18:14:35.353 [Test worker] DEBUG org.hibernate.cfg.AbstractPropertyHolder - Attempting to locate auto-apply AttributeConverter for property [domain.Angajat:idSuperior]
18:14:35.353 [Test worker] DEBUG org.hibernate.cfg.annotations.SimpleValueBinder - building SimpleValue for idSuperior
18:14:35.353 [Test worker] DEBUG org.hibernate.cfg.annotations.PropertyBinder - Building property idSuperior
18:14:35.353 [Test worker] DEBUG org.hibernate.cfg.Ejb3Column - Binding column: Ejb3Column{table=org.hibernate.mapping.Table(angajati), mappingColumn=null, insertable=true, updatable=true, unique=false}
18:14:35.353 [Test worker] DEBUG org.hibernate.cfg.Ejb3Column - Binding column: Ejb3Column{table=org.hibernate.mapping.Table(angajati), mappingColumn=element, insertable=true, updatable=true, unique=false}
18:14:35.353 [Test worker] DEBUG org.hibernate.cfg.Ejb3Column - Binding column: Ejb3Column{table=org.hibernate.mapping.Table(angajati), mappingColumn=proiecte_KEY, insertable=true, updatable=true, unique=false}
18:14:35.353 [Test worker] DEBUG org.hibernate.cfg.Ejb3Column - Binding column: Ejb3JoinColumn{logicalColumnName='proiecte_KEY', referencedColumn='null', mappedBy='null'}
18:14:35.353 [Test worker] DEBUG org.hibernate.cfg.Ejb3Column - Binding column: Ejb3JoinColumn{logicalColumnName='id_angajat', referencedColumn='', mappedBy=''}
18:14:35.353 [Test worker] DEBUG org.hibernate.cfg.Ejb3Column - Binding column: Ejb3JoinColumn{logicalColumnName='id_proiect', referencedColumn='', mappedBy=''}
18:14:35.353 [Test worker] DEBUG org.hibernate.cfg.annotations.CollectionBinder - Collection role: domain.Angajat.proiecte
18:14:35.353 [Test worker] DEBUG org.hibernate.cfg.annotations.PropertyBinder - Building property proiecte
18:14:35.353 [Test worker] DEBUG org.hibernate.cfg.AnnotationBinder - Binding entity from annotated class: domain.Concediu
18:14:35.353 [Test worker] DEBUG org.hibernate.cfg.Ejb3Column - Binding column: Ejb3DiscriminatorColumn{logicalColumnName'DTYPE', discriminatorTypeName='string'}
18:14:35.353 [Test worker] DEBUG org.hibernate.cfg.annotations.EntityBinder - Import with entity name Concediu
18:14:35.353 [Test worker] DEBUG org.hibernate.cfg.annotations.EntityBinder - Bind entity domain.Concediu on table concedii
18:14:35.353 [Test worker] DEBUG org.hibernate.cfg.Ejb3Column - Binding column: Ejb3Column{table=org.hibernate.mapping.Table(concedii), mappingColumn=id, insertable=true, updatable=true, unique=false}
18:14:35.368 [Test worker] DEBUG org.hibernate.boot.internal.ClassLoaderAccessImpl - Not known whether passed class name [domain.Concediu] is safe
18:14:35.368 [Test worker] DEBUG org.hibernate.boot.internal.ClassLoaderAccessImpl - No temp ClassLoader provided; using live ClassLoader for loading potentially unsafe class : domain.Concediu
18:14:35.368 [Test worker] DEBUG org.hibernate.cfg.annotations.PropertyBinder - MetadataSourceProcessor property id with lazy=false
18:14:35.368 [Test worker] DEBUG org.hibernate.cfg.AbstractPropertyHolder - Attempting to locate auto-apply AttributeConverter for property [domain.Concediu:id]
18:14:35.368 [Test worker] DEBUG org.hibernate.cfg.annotations.SimpleValueBinder - building SimpleValue for id
18:14:35.368 [Test worker] DEBUG org.hibernate.cfg.annotations.PropertyBinder - Building property id
18:14:35.368 [Test worker] DEBUG org.hibernate.cfg.BinderHelper - #makeIdGenerator(org.hibernate.mapping.SimpleValue([org.hibernate.mapping.Column(id)]), id, identity, , ...)
18:14:35.368 [Test worker] DEBUG org.hibernate.cfg.Ejb3Column - Binding column: Ejb3JoinColumn{logicalColumnName='id_angajat', referencedColumn='', mappedBy=''}
18:14:35.368 [Test worker] DEBUG org.hibernate.cfg.Ejb3Column - Binding column: Ejb3Column{table=org.hibernate.mapping.Table(concedii), mappingColumn=angajat, insertable=true, updatable=true, unique=false}
18:14:35.368 [Test worker] DEBUG org.hibernate.cfg.annotations.PropertyBinder - Building property angajat
18:14:35.368 [Test worker] DEBUG org.hibernate.cfg.Ejb3Column - Binding column: Ejb3Column{table=org.hibernate.mapping.Table(concedii), mappingColumn=data_inceput, insertable=true, updatable=true, unique=false}
18:14:35.368 [Test worker] DEBUG org.hibernate.cfg.annotations.PropertyBinder - MetadataSourceProcessor property dataInceput with lazy=false
18:14:35.368 [Test worker] DEBUG org.hibernate.cfg.AbstractPropertyHolder - Attempting to locate auto-apply AttributeConverter for property [domain.Concediu:dataInceput]
18:14:35.368 [Test worker] DEBUG org.hibernate.cfg.annotations.SimpleValueBinder - building SimpleValue for dataInceput
18:14:35.368 [Test worker] DEBUG org.hibernate.cfg.annotations.PropertyBinder - Building property dataInceput
18:14:35.368 [Test worker] DEBUG org.hibernate.cfg.Ejb3Column - Binding column: Ejb3Column{table=org.hibernate.mapping.Table(concedii), mappingColumn=data_sfarsit, insertable=true, updatable=true, unique=false}
18:14:35.368 [Test worker] DEBUG org.hibernate.cfg.annotations.PropertyBinder - MetadataSourceProcessor property dataSfarsit with lazy=false
18:14:35.368 [Test worker] DEBUG org.hibernate.cfg.AbstractPropertyHolder - Attempting to locate auto-apply AttributeConverter for property [domain.Concediu:dataSfarsit]
18:14:35.368 [Test worker] DEBUG org.hibernate.cfg.annotations.SimpleValueBinder - building SimpleValue for dataSfarsit
18:14:35.368 [Test worker] DEBUG org.hibernate.cfg.annotations.PropertyBinder - Building property dataSfarsit
18:14:35.368 [Test worker] DEBUG org.hibernate.cfg.AnnotationBinder - Binding entity from annotated class: domain.Departament
18:14:35.368 [Test worker] DEBUG org.hibernate.cfg.Ejb3Column - Binding column: Ejb3DiscriminatorColumn{logicalColumnName'DTYPE', discriminatorTypeName='string'}
18:14:35.368 [Test worker] DEBUG org.hibernate.cfg.annotations.EntityBinder - Import with entity name Departament
18:14:35.368 [Test worker] DEBUG org.hibernate.cfg.annotations.EntityBinder - Bind entity domain.Departament on table departamente
18:14:35.368 [Test worker] DEBUG org.hibernate.cfg.Ejb3Column - Binding column: Ejb3Column{table=org.hibernate.mapping.Table(departamente), mappingColumn=id, insertable=true, updatable=true, unique=false}
18:14:35.368 [Test worker] DEBUG org.hibernate.boot.internal.ClassLoaderAccessImpl - Not known whether passed class name [domain.Departament] is safe
18:14:35.368 [Test worker] DEBUG org.hibernate.boot.internal.ClassLoaderAccessImpl - No temp ClassLoader provided; using live ClassLoader for loading potentially unsafe class : domain.Departament
18:14:35.368 [Test worker] DEBUG org.hibernate.cfg.annotations.PropertyBinder - MetadataSourceProcessor property id with lazy=false
18:14:35.368 [Test worker] DEBUG org.hibernate.cfg.AbstractPropertyHolder - Attempting to locate auto-apply AttributeConverter for property [domain.Departament:id]
18:14:35.368 [Test worker] DEBUG org.hibernate.cfg.annotations.SimpleValueBinder - building SimpleValue for id
18:14:35.368 [Test worker] DEBUG org.hibernate.cfg.annotations.PropertyBinder - Building property id
18:14:35.368 [Test worker] DEBUG org.hibernate.cfg.BinderHelper - #makeIdGenerator(org.hibernate.mapping.SimpleValue([org.hibernate.mapping.Column(id)]), id, identity, , ...)
18:14:35.368 [Test worker] DEBUG org.hibernate.cfg.Ejb3Column - Binding column: Ejb3Column{table=org.hibernate.mapping.Table(departamente), mappingColumn=id_director, insertable=true, updatable=true, unique=false}
18:14:35.368 [Test worker] DEBUG org.hibernate.cfg.annotations.PropertyBinder - MetadataSourceProcessor property idDirector with lazy=false
18:14:35.368 [Test worker] DEBUG org.hibernate.cfg.AbstractPropertyHolder - Attempting to locate auto-apply AttributeConverter for property [domain.Departament:idDirector]
18:14:35.368 [Test worker] DEBUG org.hibernate.cfg.annotations.SimpleValueBinder - building SimpleValue for idDirector
18:14:35.368 [Test worker] DEBUG org.hibernate.cfg.annotations.PropertyBinder - Building property idDirector
18:14:35.368 [Test worker] DEBUG org.hibernate.cfg.AnnotationBinder - Binding entity from annotated class: domain.Functie
18:14:35.368 [Test worker] DEBUG org.hibernate.cfg.Ejb3Column - Binding column: Ejb3DiscriminatorColumn{logicalColumnName'DTYPE', discriminatorTypeName='string'}
18:14:35.368 [Test worker] DEBUG org.hibernate.cfg.annotations.EntityBinder - Import with entity name Functie
18:14:35.368 [Test worker] DEBUG org.hibernate.cfg.annotations.EntityBinder - Bind entity domain.Functie on table functii
18:14:35.368 [Test worker] DEBUG org.hibernate.cfg.Ejb3Column - Binding column: Ejb3Column{table=org.hibernate.mapping.Table(functii), mappingColumn=id, insertable=true, updatable=true, unique=false}
18:14:35.368 [Test worker] DEBUG org.hibernate.boot.internal.ClassLoaderAccessImpl - Not known whether passed class name [domain.Functie] is safe
18:14:35.368 [Test worker] DEBUG org.hibernate.boot.internal.ClassLoaderAccessImpl - No temp ClassLoader provided; using live ClassLoader for loading potentially unsafe class : domain.Functie
18:14:35.368 [Test worker] DEBUG org.hibernate.cfg.annotations.PropertyBinder - MetadataSourceProcessor property id with lazy=false
18:14:35.368 [Test worker] DEBUG org.hibernate.cfg.AbstractPropertyHolder - Attempting to locate auto-apply AttributeConverter for property [domain.Functie:id]
18:14:35.368 [Test worker] DEBUG org.hibernate.cfg.annotations.SimpleValueBinder - building SimpleValue for id
18:14:35.368 [Test worker] DEBUG org.hibernate.cfg.annotations.PropertyBinder - Building property id
18:14:35.368 [Test worker] DEBUG org.hibernate.cfg.BinderHelper - #makeIdGenerator(org.hibernate.mapping.SimpleValue([org.hibernate.mapping.Column(id)]), id, identity, , ...)
18:14:35.368 [Test worker] DEBUG org.hibernate.cfg.Ejb3Column - Binding column: Ejb3Column{table=org.hibernate.mapping.Table(functii), mappingColumn=salar_de_baza, insertable=true, updatable=true, unique=false}
18:14:35.368 [Test worker] DEBUG org.hibernate.cfg.annotations.PropertyBinder - MetadataSourceProcessor property salarDeBaza with lazy=false
18:14:35.368 [Test worker] DEBUG org.hibernate.cfg.AbstractPropertyHolder - Attempting to locate auto-apply AttributeConverter for property [domain.Functie:salarDeBaza]
18:14:35.368 [Test worker] DEBUG org.hibernate.cfg.annotations.SimpleValueBinder - building SimpleValue for salarDeBaza
18:14:35.368 [Test worker] DEBUG org.hibernate.cfg.annotations.PropertyBinder - Building property salarDeBaza
18:14:35.368 [Test worker] DEBUG org.hibernate.cfg.AnnotationBinder - Binding entity from annotated class: domain.Proiect
18:14:35.368 [Test worker] DEBUG org.hibernate.cfg.Ejb3Column - Binding column: Ejb3DiscriminatorColumn{logicalColumnName'DTYPE', discriminatorTypeName='string'}
18:14:35.368 [Test worker] DEBUG org.hibernate.cfg.annotations.EntityBinder - Import with entity name Proiect
18:14:35.368 [Test worker] DEBUG org.hibernate.cfg.annotations.EntityBinder - Bind entity domain.Proiect on table proiecte
18:14:35.368 [Test worker] DEBUG org.hibernate.cfg.Ejb3Column - Binding column: Ejb3Column{table=org.hibernate.mapping.Table(proiecte), mappingColumn=id, insertable=true, updatable=true, unique=false}
18:14:35.368 [Test worker] DEBUG org.hibernate.boot.internal.ClassLoaderAccessImpl - Not known whether passed class name [domain.Proiect] is safe
18:14:35.368 [Test worker] DEBUG org.hibernate.boot.internal.ClassLoaderAccessImpl - No temp ClassLoader provided; using live ClassLoader for loading potentially unsafe class : domain.Proiect
18:14:35.368 [Test worker] DEBUG org.hibernate.cfg.annotations.PropertyBinder - MetadataSourceProcessor property id with lazy=false
18:14:35.368 [Test worker] DEBUG org.hibernate.cfg.AbstractPropertyHolder - Attempting to locate auto-apply AttributeConverter for property [domain.Proiect:id]
18:14:35.368 [Test worker] DEBUG org.hibernate.cfg.annotations.SimpleValueBinder - building SimpleValue for id
18:14:35.368 [Test worker] DEBUG org.hibernate.cfg.annotations.PropertyBinder - Building property id
18:14:35.368 [Test worker] DEBUG org.hibernate.cfg.BinderHelper - #makeIdGenerator(org.hibernate.mapping.SimpleValue([org.hibernate.mapping.Column(id)]), id, identity, , ...)
18:14:35.368 [Test worker] DEBUG org.hibernate.cfg.Ejb3Column - Binding column: Ejb3Column{table=org.hibernate.mapping.Table(proiecte), mappingColumn=data_inceput, insertable=true, updatable=true, unique=false}
18:14:35.368 [Test worker] DEBUG org.hibernate.cfg.annotations.PropertyBinder - MetadataSourceProcessor property dataInceput with lazy=false
18:14:35.368 [Test worker] DEBUG org.hibernate.cfg.AbstractPropertyHolder - Attempting to locate auto-apply AttributeConverter for property [domain.Proiect:dataInceput]
18:14:35.368 [Test worker] DEBUG org.hibernate.cfg.annotations.SimpleValueBinder - building SimpleValue for dataInceput
18:14:35.368 [Test worker] DEBUG org.hibernate.cfg.annotations.PropertyBinder - Building property dataInceput
18:14:35.368 [Test worker] DEBUG org.hibernate.cfg.Ejb3Column - Binding column: Ejb3Column{table=org.hibernate.mapping.Table(proiecte), mappingColumn=deadline, insertable=true, updatable=true, unique=false}
18:14:35.368 [Test worker] DEBUG org.hibernate.cfg.annotations.PropertyBinder - MetadataSourceProcessor property deadline with lazy=false
18:14:35.368 [Test worker] DEBUG org.hibernate.cfg.AbstractPropertyHolder - Attempting to locate auto-apply AttributeConverter for property [domain.Proiect:deadline]
18:14:35.368 [Test worker] DEBUG org.hibernate.cfg.annotations.SimpleValueBinder - building SimpleValue for deadline
18:14:35.368 [Test worker] DEBUG org.hibernate.cfg.annotations.PropertyBinder - Building property deadline
18:14:35.368 [Test worker] DEBUG org.hibernate.cfg.annotations.SimpleValueBinder - Starting fillSimpleValue for id
18:14:35.368 [Test worker] DEBUG org.hibernate.cfg.annotations.SimpleValueBinder - Starting fillSimpleValue for dataAngajare
18:14:35.368 [Test worker] DEBUG org.hibernate.cfg.annotations.SimpleValueBinder - Starting fillSimpleValue for idSuperior
18:14:35.368 [Test worker] DEBUG org.hibernate.cfg.annotations.SimpleValueBinder - Starting fillSimpleValue for id
18:14:35.368 [Test worker] DEBUG org.hibernate.cfg.annotations.SimpleValueBinder - Starting fillSimpleValue for dataInceput
18:14:35.384 [Test worker] DEBUG org.hibernate.cfg.annotations.SimpleValueBinder - Starting fillSimpleValue for dataSfarsit
18:14:35.384 [Test worker] DEBUG org.hibernate.cfg.annotations.SimpleValueBinder - Starting fillSimpleValue for id
18:14:35.384 [Test worker] DEBUG org.hibernate.cfg.annotations.SimpleValueBinder - Starting fillSimpleValue for idDirector
18:14:35.384 [Test worker] DEBUG org.hibernate.cfg.annotations.SimpleValueBinder - Starting fillSimpleValue for id
18:14:35.384 [Test worker] DEBUG org.hibernate.cfg.annotations.SimpleValueBinder - Starting fillSimpleValue for salarDeBaza
18:14:35.384 [Test worker] DEBUG org.hibernate.cfg.annotations.SimpleValueBinder - Starting fillSimpleValue for id
18:14:35.384 [Test worker] DEBUG org.hibernate.cfg.annotations.SimpleValueBinder - Starting fillSimpleValue for dataInceput
18:14:35.384 [Test worker] DEBUG org.hibernate.cfg.annotations.SimpleValueBinder - Starting fillSimpleValue for deadline
18:14:35.384 [Test worker] DEBUG org.hibernate.mapping.PrimaryKey - Forcing column [id] to be non-null as it is part of the primary key for table [angajati]
18:14:35.384 [Test worker] DEBUG org.hibernate.mapping.PrimaryKey - Forcing column [id] to be non-null as it is part of the primary key for table [concedii]
18:14:35.384 [Test worker] DEBUG org.hibernate.mapping.PrimaryKey - Forcing column [id] to be non-null as it is part of the primary key for table [departamente]
18:14:35.384 [Test worker] DEBUG org.hibernate.mapping.PrimaryKey - Forcing column [id] to be non-null as it is part of the primary key for table [functii]
18:14:35.384 [Test worker] DEBUG org.hibernate.mapping.PrimaryKey - Forcing column [id] to be non-null as it is part of the primary key for table [proiecte]
18:14:35.384 [Test worker] DEBUG org.hibernate.cfg.CollectionSecondPass - Second pass for collection: domain.Angajat.proiecte
18:14:35.384 [Test worker] DEBUG org.hibernate.cfg.annotations.CollectionBinder - Binding as ManyToMany: domain.Angajat.proiecte
18:14:35.384 [Test worker] DEBUG org.hibernate.mapping.PrimaryKey - Forcing column [id_angajat] to be non-null as it is part of the primary key for table [angajati_proiecte]
18:14:35.384 [Test worker] DEBUG org.hibernate.mapping.PrimaryKey - Forcing column [id_proiect] to be non-null as it is part of the primary key for table [angajati_proiecte]
18:14:35.384 [Test worker] DEBUG org.hibernate.cfg.CollectionSecondPass - Mapped collection key: id_angajat, element: id_proiect
18:14:35.384 [Test worker] DEBUG org.hibernate.cfg.CollectionSecondPass - Second pass for collection: domain.Angajat.departamente
18:14:35.384 [Test worker] DEBUG org.hibernate.cfg.annotations.CollectionBinder - Binding as ManyToMany: domain.Angajat.departamente
18:14:35.384 [Test worker] DEBUG org.hibernate.mapping.PrimaryKey - Forcing column [id_angajat] to be non-null as it is part of the primary key for table [angajati_departamente]
18:14:35.384 [Test worker] DEBUG org.hibernate.mapping.PrimaryKey - Forcing column [id_departament] to be non-null as it is part of the primary key for table [angajati_departamente]
18:14:35.384 [Test worker] DEBUG org.hibernate.cfg.CollectionSecondPass - Mapped collection key: id_angajat, element: id_departament
18:14:35.384 [Test worker] DEBUG org.hibernate.cfg.CollectionSecondPass - Second pass for collection: domain.Angajat.concedii
18:14:35.384 [Test worker] DEBUG org.hibernate.cfg.annotations.CollectionBinder - Binding a OneToMany: domain.Angajat.concedii through a foreign key
18:14:35.384 [Test worker] DEBUG org.hibernate.cfg.annotations.CollectionBinder - Mapping collection: domain.Angajat.concedii -> concedii
18:14:35.400 [Test worker] DEBUG org.hibernate.cfg.annotations.TableBinder - Retrieving property domain.Concediu.angajat
18:14:35.400 [Test worker] DEBUG org.hibernate.cfg.CollectionSecondPass - Mapped collection key: id_angajat, one-to-many: domain.Concediu
18:14:35.400 [Test worker] DEBUG org.hibernate.boot.internal.InFlightMetadataCollectorImpl - Resolving reference to class: domain.Functie
18:14:35.400 [Test worker] DEBUG org.hibernate.boot.internal.InFlightMetadataCollectorImpl - Resolving reference to class: domain.Departament
18:14:35.400 [Test worker] DEBUG org.hibernate.boot.internal.InFlightMetadataCollectorImpl - Resolving reference to class: domain.Angajat
18:14:35.400 [Test worker] DEBUG org.hibernate.boot.internal.InFlightMetadataCollectorImpl - Resolving reference to class: domain.Proiect
18:14:35.400 [Test worker] DEBUG org.hibernate.boot.internal.InFlightMetadataCollectorImpl - Resolving reference to class: domain.Angajat
18:14:35.400 [Test worker] DEBUG org.hibernate.boot.internal.InFlightMetadataCollectorImpl - Resolving reference to class: domain.Angajat
18:14:35.400 [Test worker] DEBUG org.hibernate.boot.internal.InFlightMetadataCollectorImpl - Resolving reference to class: domain.Functie
18:14:35.400 [Test worker] DEBUG org.hibernate.boot.internal.InFlightMetadataCollectorImpl - Resolving reference to class: domain.Departament
18:14:35.400 [Test worker] DEBUG org.hibernate.boot.internal.InFlightMetadataCollectorImpl - Resolving reference to class: domain.Angajat
18:14:35.400 [Test worker] DEBUG org.hibernate.boot.internal.InFlightMetadataCollectorImpl - Resolving reference to class: domain.Proiect
18:14:35.400 [Test worker] DEBUG org.hibernate.boot.internal.InFlightMetadataCollectorImpl - Resolving reference to class: domain.Angajat
18:14:35.400 [Test worker] DEBUG org.hibernate.boot.internal.InFlightMetadataCollectorImpl - Resolving reference to class: domain.Angajat
18:14:35.431 [Test worker] DEBUG org.hibernate.internal.SessionFactoryImpl - Building session factory
18:14:35.431 [Test worker] DEBUG org.hibernate.cfg.Settings - SessionFactory name : null
18:14:35.431 [Test worker] DEBUG org.hibernate.cfg.Settings - Automatic flush during beforeCompletion(): enabled
18:14:35.431 [Test worker] DEBUG org.hibernate.cfg.Settings - Automatic session close at end of transaction: disabled
18:14:35.431 [Test worker] DEBUG org.hibernate.cfg.Settings - Statistics: disabled
18:14:35.431 [Test worker] DEBUG org.hibernate.cfg.Settings - Deleted entity synthetic identifier rollback: disabled
18:14:35.431 [Test worker] DEBUG org.hibernate.cfg.Settings - Default entity-mode: pojo
18:14:35.431 [Test worker] DEBUG org.hibernate.cfg.Settings - Check Nullability in Core (should be disabled when Bean Validation is on): enabled
18:14:35.431 [Test worker] DEBUG org.hibernate.cfg.Settings - Allow initialization of lazy state outside session : enabled
18:14:35.431 [Test worker] DEBUG org.hibernate.cfg.Settings - Using BatchFetchStyle : LEGACY
18:14:35.431 [Test worker] DEBUG org.hibernate.cfg.Settings - Default batch fetch size: -1
18:14:35.431 [Test worker] DEBUG org.hibernate.cfg.Settings - Maximum outer join fetch depth: null
18:14:35.431 [Test worker] DEBUG org.hibernate.cfg.Settings - Default null ordering: NONE
18:14:35.431 [Test worker] DEBUG org.hibernate.cfg.Settings - Order SQL updates by primary key: disabled
18:14:35.431 [Test worker] DEBUG org.hibernate.cfg.Settings - Order SQL inserts for batching: disabled
18:14:35.431 [Test worker] DEBUG org.hibernate.cfg.Settings - multi-tenancy strategy : NONE
18:14:35.431 [Test worker] DEBUG org.hibernate.cfg.Settings - JTA Track by Thread: enabled
18:14:35.431 [Test worker] DEBUG org.hibernate.cfg.Settings - Query language substitutions: {}
18:14:35.431 [Test worker] DEBUG org.hibernate.cfg.Settings - Named query checking : enabled
18:14:35.431 [Test worker] DEBUG org.hibernate.cfg.Settings - Second-level cache: disabled
18:14:35.431 [Test worker] DEBUG org.hibernate.cfg.Settings - Second-level query cache: disabled
18:14:35.431 [Test worker] DEBUG org.hibernate.cfg.Settings - Second-level query cache factory: null
18:14:35.431 [Test worker] DEBUG org.hibernate.cfg.Settings - Second-level cache region prefix: null
18:14:35.431 [Test worker] DEBUG org.hibernate.cfg.Settings - Optimize second-level cache for minimal puts: disabled
18:14:35.431 [Test worker] DEBUG org.hibernate.cfg.Settings - Structured second-level cache entries: disabled
18:14:35.431 [Test worker] DEBUG org.hibernate.cfg.Settings - Second-level cache direct-reference entries: disabled
18:14:35.431 [Test worker] DEBUG org.hibernate.cfg.Settings - Automatic eviction of collection cache: disabled
18:14:35.431 [Test worker] DEBUG org.hibernate.cfg.Settings - JDBC batch size: 0
18:14:35.431 [Test worker] DEBUG org.hibernate.cfg.Settings - JDBC batch updates for versioned data: enabled
18:14:35.431 [Test worker] DEBUG org.hibernate.cfg.Settings - Scrollable result sets: disabled
18:14:35.431 [Test worker] DEBUG org.hibernate.cfg.Settings - Wrap result sets: disabled
18:14:35.431 [Test worker] DEBUG org.hibernate.cfg.Settings - JDBC3 getGeneratedKeys(): enabled
18:14:35.431 [Test worker] DEBUG org.hibernate.cfg.Settings - JDBC result set fetch size: null
18:14:35.431 [Test worker] DEBUG org.hibernate.cfg.Settings - Connection release mode: AFTER_TRANSACTION
18:14:35.431 [Test worker] DEBUG org.hibernate.cfg.Settings - Generate SQL with comments: disabled
18:14:35.431 [Test worker] DEBUG org.hibernate.cfg.Settings - JPA compliance - query : disabled
18:14:35.431 [Test worker] DEBUG org.hibernate.cfg.Settings - JPA compliance - closed-handling : disabled
18:14:35.431 [Test worker] DEBUG org.hibernate.cfg.Settings - JPA compliance - lists : disabled
18:14:35.431 [Test worker] DEBUG org.hibernate.cfg.Settings - JPA compliance - transactions : disabled
18:14:35.509 [Test worker] DEBUG org.hibernate.internal.SessionFactoryImpl - Session factory constructed with filter configurations : {}
18:14:35.509 [Test worker] DEBUG org.hibernate.internal.SessionFactoryImpl - Instantiating session factory with properties: {sun.desktop=windows, awt.toolkit=sun.awt.windows.WToolkit, dialect=utils.SQLiteDialect, java.specification.version=11, sun.cpu.isalist=amd64, sun.jnu.encoding=Cp1250, hibernate.dialect=utils.SQLiteDialect, org.gradle.test.worker=14, java.class.path=C:\\Users\\Dan\\.gradle\\caches\\6.8\\workerMain\\gradle-worker.jar;D:\\Facultate\\Projects\\OrganizareCompanie\\build\\classes\\java\\test;D:\\Facultate\\Projects\\OrganizareCompanie\\build\\resources\\test;D:\\Facultate\\Projects\\OrganizareCompanie\\build\\classes\\java\\main;D:\\Facultate\\Projects\\OrganizareCompanie\\build\\resources\\main;C:\\Users\\Dan\\.gradle\\caches\\modules-2\\files-2.1\\org.springframework.boot\\spring-boot-starter-web\\2.4.3\\4f5554ea183af87e52d8c31bb82aada0d74c40b0\\spring-boot-starter-web-2.4.3.jar;C:\\Users\\Dan\\.gradle\\caches\\modules-2\\files-2.1\\org.xerial\\sqlite-jdbc\\3.34.0\\fd29bb0124e3f79c80b2753162a6a3873c240bcf\\sqlite-jdbc-3.34.0.jar;C:\\Users\\Dan\\.gradle\\caches\\modules-2\\files-2.1\\org.hibernate\\hibernate-java8\\5.1.0.Final\\2bb534acab4f8485a821f0e4d6a2c8df617ee86a\\hibernate-java8-5.1.0.Final.jar;C:\\Users\\Dan\\.gradle\\caches\\modules-2\\files-2.1\\org.hibernate\\hibernate-core\\5.4.29.Final\\74b7c9ad3cb57ae4fd0187480a76f137a7fc3f38\\hibernate-core-5.4.29.Final.jar;C:\\Users\\Dan\\.gradle\\caches\\modules-2\\files-2.1\\org.junit.platform\\junit-platform-engine\\1.7.0\\eadb73c5074a4ac71061defd00fc176152a4d12c\\junit-platform-engine-1.7.0.jar;C:\\Users\\Dan\\.gradle\\caches\\modules-2\\files-2.1\\org.junit.platform\\junit-platform-commons\\1.7.0\\84e309fbf21d857aac079a3c1fffd84284e1114d\\junit-platform-commons-1.7.0.jar;C:\\Users\\Dan\\.gradle\\caches\\modules-2\\files-2.1\\org.junit.jupiter\\junit-jupiter-engine\\5.7.0\\d9044d6b45e2232ddd53fa56c15333e43d1749fd\\junit-jupiter-engine-5.7.0.jar;C:\\Users\\Dan\\.gradle\\caches\\modules-2\\files-2.1\\org.junit.jupiter\\junit-jupiter-api\\5.7.0\\b25f3815c4c1860a73041e733a14a0379d00c4d5\\junit-jupiter-api-5.7.0.jar;C:\\Users\\Dan\\.gradle\\caches\\modules-2\\files-2.1\\org.springframework.boot\\spring-boot-starter-json\\2.4.3\\7b26abb0a0379a00b58a2a50e010b29cf4f16b80\\spring-boot-starter-json-2.4.3.jar;C:\\Users\\Dan\\.gradle\\caches\\modules-2\\files-2.1\\org.springframework.boot\\spring-boot-starter\\2.4.3\\fd8bc0fb5f5aaefb4d6c8b77eb61563aab840c11\\spring-boot-starter-2.4.3.jar;C:\\Users\\Dan\\.gradle\\caches\\modules-2\\files-2.1\\org.springframework.boot\\spring-boot-starter-tomcat\\2.4.3\\4ba28aae05a259625e7e92f8e7338c5e1d22de35\\spring-boot-starter-tomcat-2.4.3.jar;C:\\Users\\Dan\\.gradle\\caches\\modules-2\\files-2.1\\org.springframework\\spring-webmvc\\5.3.4\\8dd52fbe8eafcc7c80998087ec6635baf7a98c20\\spring-webmvc-5.3.4.jar;C:\\Users\\Dan\\.gradle\\caches\\modules-2\\files-2.1\\org.springframework\\spring-web\\5.3.4\\d93829e24a50ed22e781f2302680a210cac5ee84\\spring-web-5.3.4.jar;C:\\Users\\Dan\\.gradle\\caches\\modules-2\\files-2.1\\org.hibernate.common\\hibernate-commons-annotations\\5.1.2.Final\\e59ffdbc6ad09eeb33507b39ffcf287679a498c8\\hibernate-commons-annotations-5.1.2.Final.jar;C:\\Users\\Dan\\.gradle\\caches\\modules-2\\files-2.1\\org.jboss.logging\\jboss-logging\\3.4.1.Final\\40fd4d696c55793e996d1ff3c475833f836c2498\\jboss-logging-3.4.1.Final.jar;C:\\Users\\Dan\\.gradle\\caches\\modules-2\\files-2.1\\javax.persistence\\javax.persistence-api\\2.2\\25665ac8c0b62f50e6488173233239120fc52c96\\javax.persistence-api-2.2.jar;C:\\Users\\Dan\\.gradle\\caches\\modules-2\\files-2.1\\org.javassist\\javassist\\3.27.0-GA\\f63e6aa899e15eca8fdaa402a79af4c417252213\\javassist-3.27.0-GA.jar;C:\\Users\\Dan\\.gradle\\caches\\modules-2\\files-2.1\\net.bytebuddy\\byte-buddy\\1.10.21\\5abe8e141cac9d50a721a22d9c188b3bf19ad0aa\\byte-buddy-1.10.21.jar;C:\\Users\\Dan\\.gradle\\caches\\modules-2\\files-2.1\\antlr\\antlr\\2.7.7\\83cd2cd674a217ade95a4bb83a8a14f351f48bd0\\antlr-2.7.7.jar;C:\\Users\\Dan\\.gradle\\caches\\modules-2\\files-2.1\\org.jboss.spec.javax.transaction\\jboss-transaction-api_1.2_spec\\1.1.1.Final\\a8485cab9484dda36e9a8c319e76b5cc18797b58\\jboss-transaction-api_1.2_spec-1.1.1.Final.jar;C:\\Users\\Dan\\.gradle\\caches\\modules-2\\files-2.1\\org.jboss\\jandex\\2.2.3.Final\\d3865101f0666b63586683bd811d754517f331ab\\jandex-2.2.3.Final.jar;C:\\Users\\Dan\\.gradle\\caches\\modules-2\\files-2.1\\com.fasterxml\\classmate\\1.5.1\\3fe0bed568c62df5e89f4f174c101eab25345b6c\\classmate-1.5.1.jar;C:\\Users\\Dan\\.gradle\\caches\\modules-2\\files-2.1\\org.glassfish.jaxb\\jaxb-runtime\\2.3.1\\dd6dda9da676a54c5b36ca2806ff95ee017d8738\\jaxb-runtime-2.3.1.jar;C:\\Users\\Dan\\.gradle\\caches\\modules-2\\files-2.1\\javax.xml.bind\\jaxb-api\\2.3.1\\8531ad5ac454cc2deb9d4d32c40c4d7451939b5d\\jaxb-api-2.3.1.jar;C:\\Users\\Dan\\.gradle\\caches\\modules-2\\files-2.1\\javax.activation\\javax.activation-api\\1.2.0\\85262acf3ca9816f9537ca47d5adeabaead7cb16\\javax.activation-api-1.2.0.jar;C:\\Users\\Dan\\.gradle\\caches\\modules-2\\files-2.1\\org.dom4j\\dom4j\\2.1.3\\a75914155a9f5808963170ec20653668a2ffd2fd\\dom4j-2.1.3.jar;C:\\Users\\Dan\\.gradle\\caches\\modules-2\\files-2.1\\org.apiguardian\\apiguardian-api\\1.1.0\\fc9dff4bb36d627bdc553de77e1f17efd790876c\\apiguardian-api-1.1.0.jar;C:\\Users\\Dan\\.gradle\\caches\\modules-2\\files-2.1\\org.opentest4j\\opentest4j\\1.2.0\\28c11eb91f9b6d8e200631d46e20a7f407f2a046\\opentest4j-1.2.0.jar;C:\\Users\\Dan\\.gradle\\caches\\modules-2\\files-2.1\\org.springframework.boot\\spring-boot-autoconfigure\\2.4.3\\2f8e1e682e55f70c8ea557982c7adb1256f41bcf\\spring-boot-autoconfigure-2.4.3.jar;C:\\Users\\Dan\\.gradle\\caches\\modules-2\\files-2.1\\org.springframework.boot\\spring-boot\\2.4.3\\de2bd17a8eb9bc3dfa629aa06f2e9fe3bf603c85\\spring-boot-2.4.3.jar;C:\\Users\\Dan\\.gradle\\caches\\modules-2\\files-2.1\\org.springframework.boot\\spring-boot-starter-logging\\2.4.3\\64687abc2255d18cd6592cbb20fa3bee3379cec8\\spring-boot-starter-logging-2.4.3.jar;C:\\Users\\Dan\\.gradle\\caches\\modules-2\\files-2.1\\jakarta.annotation\\jakarta.annotation-api\\1.3.5\\59eb84ee0d616332ff44aba065f3888cf002cd2d\\jakarta.annotation-api-1.3.5.jar;C:\\Users\\Dan\\.gradle\\caches\\modules-2\\files-2.1\\org.springframework\\spring-context\\5.3.4\\fbeadeb0e4d272599a938ec345e99e5f9a76e919\\spring-context-5.3.4.jar;C:\\Users\\Dan\\.gradle\\caches\\modules-2\\files-2.1\\org.springframework\\spring-aop\\5.3.4\\b7180a6427ab524bc1cbd31bf38dd2182632515f\\spring-aop-5.3.4.jar;C:\\Users\\Dan\\.gradle\\caches\\modules-2\\files-2.1\\org.springframework\\spring-beans\\5.3.4\\ac6c5ea0ba82f555405f74104cf378f8071c6d25\\spring-beans-5.3.4.jar;C:\\Users\\Dan\\.gradle\\caches\\modules-2\\files-2.1\\org.springframework\\spring-expression\\5.3.4\\42b71fa955e43a86471509aef14cefe756fc3794\\spring-expression-5.3.4.jar;C:\\Users\\Dan\\.gradle\\caches\\modules-2\\files-2.1\\org.springframework\\spring-core\\5.3.4\\46c1f8abd9e02a292c42a257350f365cec152b5d\\spring-core-5.3.4.jar;C:\\Users\\Dan\\.gradle\\caches\\modules-2\\files-2.1\\org.yaml\\snakeyaml\\1.27\\359d62567480b07a679dc643f82fc926b100eed5\\snakeyaml-1.27.jar;C:\\Users\\Dan\\.gradle\\caches\\modules-2\\files-2.1\\com.fasterxml.jackson.datatype\\jackson-datatype-jdk8\\2.11.4\\e1540dea3c6c681ea4e335a960f730861ee3bedb\\jackson-datatype-jdk8-2.11.4.jar;C:\\Users\\Dan\\.gradle\\caches\\modules-2\\files-2.1\\com.fasterxml.jackson.datatype\\jackson-datatype-jsr310\\2.11.4\\ce6fc76bba06623720e5a9308386b6ae74753f4d\\jackson-datatype-jsr310-2.11.4.jar;C:\\Users\\Dan\\.gradle\\caches\\modules-2\\files-2.1\\com.fasterxml.jackson.module\\jackson-module-parameter-names\\2.11.4\\432e050d79f2282a66c320375d628f1b0842cb12\\jackson-module-parameter-names-2.11.4.jar;C:\\Users\\Dan\\.gradle\\caches\\modules-2\\files-2.1\\com.fasterxml.jackson.core\\jackson-databind\\2.11.4\\5d9f3d441f99d721b957e3497f0a6465c764fad4\\jackson-databind-2.11.4.jar;C:\\Users\\Dan\\.gradle\\caches\\modules-2\\files-2.1\\org.apache.tomcat.embed\\tomcat-embed-websocket\\9.0.43\\78232648dde1a5fd5093f0a3999e593d208e2eab\\tomcat-embed-websocket-9.0.43.jar;C:\\Users\\Dan\\.gradle\\caches\\modules-2\\files-2.1\\org.apache.tomcat.embed\\tomcat-embed-core\\9.0.43\\1d102277426bdd5b12f048731a91665bb69347d1\\tomcat-embed-core-9.0.43.jar;C:\\Users\\Dan\\.gradle\\caches\\modules-2\\files-2.1\\org.glassfish\\jakarta.el\\3.0.3\\dab46ee1ee23f7197c13d7c40fce14817c9017df\\jakarta.el-3.0.3.jar;C:\\Users\\Dan\\.gradle\\caches\\modules-2\\files-2.1\\org.glassfish.jaxb\\txw2\\2.3.1\\a09d2c48d3285f206fafbffe0e50619284e92126\\txw2-2.3.1.jar;C:\\Users\\Dan\\.gradle\\caches\\modules-2\\files-2.1\\com.sun.istack\\istack-commons-runtime\\3.0.7\\c197c86ceec7318b1284bffb49b54226ca774003\\istack-commons-runtime-3.0.7.jar;C:\\Users\\Dan\\.gradle\\caches\\modules-2\\files-2.1\\org.jvnet.staxex\\stax-ex\\1.8\\8cc35f73da321c29973191f2cf143d29d26a1df7\\stax-ex-1.8.jar;C:\\Users\\Dan\\.gradle\\caches\\modules-2\\files-2.1\\com.sun.xml.fastinfoset\\FastInfoset\\1.2.15\\bb7b7ec0379982b97c62cd17465cb6d9155f68e8\\FastInfoset-1.2.15.jar;C:\\Users\\Dan\\.gradle\\caches\\modules-2\\files-2.1\\ch.qos.logback\\logback-classic\\1.2.3\\7c4f3c474fb2c041d8028740440937705ebb473a\\logback-classic-1.2.3.jar;C:\\Users\\Dan\\.gradle\\caches\\modules-2\\files-2.1\\org.apache.logging.log4j\\log4j-to-slf4j\\2.13.3\\966f6fd1af4959d6b12bfa880121d4a2b164f857\\log4j-to-slf4j-2.13.3.jar;C:\\Users\\Dan\\.gradle\\caches\\modules-2\\files-2.1\\org.slf4j\\jul-to-slf4j\\1.7.30\\d58bebff8cbf70ff52b59208586095f467656c30\\jul-to-slf4j-1.7.30.jar;C:\\Users\\Dan\\.gradle\\caches\\modules-2\\files-2.1\\org.springframework\\spring-jcl\\5.3.4\\ca012eb4e9e57f767aa9d5e51fe9a09b28140808\\spring-jcl-5.3.4.jar;C:\
[...]
18:14:37.061 [Test worker] DEBUG org.hibernate.internal.util.EntityPrinter - Listing entities:
18:14:37.061 [Test worker] DEBUG org.hibernate.internal.util.EntityPrinter - domain.Functie{salarDeBaza=2000.0, id=1}
18:14:37.061 [Test worker] DEBUG org.hibernate.internal.util.EntityPrinter - domain.Angajat{proiecte=<uninitialized>, functie=domain.Functie#1, idSuperior=1, departamente=<uninitialized>, id=1, dataAngajare=2021-06-01, concedii=<uninitialized>}
18:14:37.061 [Test worker] DEBUG org.hibernate.resource.jdbc.internal.LogicalConnectionManagedImpl - Initiating JDBC connection release from afterTransaction
18:14:37.061 [Test worker] DEBUG org.hibernate.resource.jdbc.internal.LogicalConnectionManagedImpl - Initiating JDBC connection release from afterTransaction
18:14:37.061 [Test worker] DEBUG org.hibernate.engine.transaction.internal.TransactionImpl - On TransactionImpl creation, JpaCompliance#isJpaTransactionComplianceEnabled == false
18:14:37.061 [Test worker] DEBUG org.hibernate.engine.transaction.internal.TransactionImpl - begin
18:14:37.061 [Test worker] DEBUG org.hibernate.SQL - select angajat0_.id as id1_0_, angajat0_.data_angajare as data_ang2_0_, angajat0_.functie_id as functie_4_0_, angajat0_.id_superior as id_super3_0_ from angajati angajat0_ where angajat0_.id=?
Hibernate: select angajat0_.id as id1_0_, angajat0_.data_angajare as data_ang2_0_, angajat0_.functie_id as functie_4_0_, angajat0_.id_superior as id_super3_0_ from angajati angajat0_ where angajat0_.id=?
18:14:37.061 [Test worker] DEBUG org.hibernate.loader.Loader - Result set row: 0
18:14:37.061 [Test worker] DEBUG org.hibernate.loader.Loader - Result row: EntityKey[domain.Angajat#1]
18:14:37.061 [Test worker] DEBUG org.hibernate.engine.internal.TwoPhaseLoad - Resolving attributes for [domain.Angajat#1]
18:14:37.061 [Test worker] DEBUG org.hibernate.engine.internal.TwoPhaseLoad - Processing attribute `concedii` : value = NOT NULL COLLECTION
18:14:37.061 [Test worker] DEBUG org.hibernate.engine.internal.TwoPhaseLoad - Attribute (`concedii`)  - enhanced for lazy-loading? - false
18:14:37.061 [Test worker] DEBUG org.hibernate.engine.internal.TwoPhaseLoad - Processing attribute `dataAngajare` : value = 2021-06-01
18:14:37.061 [Test worker] DEBUG org.hibernate.engine.internal.TwoPhaseLoad - Attribute (`dataAngajare`)  - enhanced for lazy-loading? - false
18:14:37.061 [Test worker] DEBUG org.hibernate.engine.internal.TwoPhaseLoad - Processing attribute `departamente` : value = NOT NULL COLLECTION
18:14:37.061 [Test worker] DEBUG org.hibernate.engine.internal.TwoPhaseLoad - Attribute (`departamente`)  - enhanced for lazy-loading? - false
18:14:37.061 [Test worker] DEBUG org.hibernate.engine.internal.TwoPhaseLoad - Processing attribute `functie` : value = 1
18:14:37.061 [Test worker] DEBUG org.hibernate.engine.internal.TwoPhaseLoad - Attribute (`functie`)  - enhanced for lazy-loading? - false
18:14:37.061 [Test worker] DEBUG org.hibernate.SQL - select functie0_.id as id1_5_0_, functie0_.salar_de_baza as salar_de2_5_0_ from functii functie0_ where functie0_.id=?
Hibernate: select functie0_.id as id1_5_0_, functie0_.salar_de_baza as salar_de2_5_0_ from functii functie0_ where functie0_.id=?
18:14:37.061 [Test worker] DEBUG org.hibernate.loader.plan.exec.process.internal.EntityReferenceInitializerImpl - On call to EntityIdentifierReaderImpl#resolve, EntityKey was already known; should only happen on root returns with an optional identifier specified
18:14:37.061 [Test worker] DEBUG org.hibernate.engine.internal.TwoPhaseLoad - Resolving attributes for [domain.Functie#1]
18:14:37.061 [Test worker] DEBUG org.hibernate.engine.internal.TwoPhaseLoad - Processing attribute `salarDeBaza` : value = 2000.0
18:14:37.061 [Test worker] DEBUG org.hibernate.engine.internal.TwoPhaseLoad - Attribute (`salarDeBaza`)  - enhanced for lazy-loading? - false
18:14:37.061 [Test worker] DEBUG org.hibernate.engine.internal.TwoPhaseLoad - Done materializing entity [domain.Functie#1]
18:14:37.061 [Test worker] DEBUG org.hibernate.loader.entity.plan.AbstractLoadPlanBasedEntityLoader - Done entity load : domain.Functie#1
18:14:37.061 [Test worker] DEBUG org.hibernate.engine.internal.TwoPhaseLoad - Processing attribute `idSuperior` : value = 1
18:14:37.061 [Test worker] DEBUG org.hibernate.engine.internal.TwoPhaseLoad - Attribute (`idSuperior`)  - enhanced for lazy-loading? - false
18:14:37.061 [Test worker] DEBUG org.hibernate.engine.internal.TwoPhaseLoad - Processing attribute `proiecte` : value = NOT NULL COLLECTION
18:14:37.061 [Test worker] DEBUG org.hibernate.engine.internal.TwoPhaseLoad - Attribute (`proiecte`)  - enhanced for lazy-loading? - false
18:14:37.061 [Test worker] DEBUG org.hibernate.engine.internal.TwoPhaseLoad - Done materializing entity [domain.Angajat#1]
18:14:37.061 [Test worker] DEBUG org.hibernate.engine.transaction.internal.TransactionImpl - committing
18:14:37.061 [Test worker] DEBUG org.hibernate.event.internal.AbstractFlushingEventListener - Processing flush-time cascades
18:14:37.061 [Test worker] DEBUG org.hibernate.event.internal.AbstractFlushingEventListener - Dirty checking collections
18:14:37.061 [Test worker] DEBUG org.hibernate.engine.internal.Collections - Collection found: [domain.Angajat.concedii#1], was: [domain.Angajat.concedii#1] (uninitialized)
18:14:37.061 [Test worker] DEBUG org.hibernate.engine.internal.Collections - Collection found: [domain.Angajat.departamente#1], was: [domain.Angajat.departamente#1] (uninitialized)
18:14:37.061 [Test worker] DEBUG org.hibernate.engine.internal.Collections - Collection found: [domain.Angajat.proiecte#1], was: [domain.Angajat.proiecte#1] (uninitialized)
18:14:37.061 [Test worker] DEBUG org.hibernate.event.internal.AbstractFlushingEventListener - Flushed: 0 insertions, 0 updates, 0 deletions to 2 objects
18:14:37.061 [Test worker] DEBUG org.hibernate.event.internal.AbstractFlushingEventListener - Flushed: 0 (re)creations, 0 updates, 0 removals to 3 collections
18:14:37.061 [Test worker] DEBUG org.hibernate.internal.util.EntityPrinter - Listing entities:
18:14:37.061 [Test worker] DEBUG org.hibernate.internal.util.EntityPrinter - domain.Functie{salarDeBaza=2000.0, id=1}
18:14:37.061 [Test worker] DEBUG org.hibernate.internal.util.EntityPrinter - domain.Angajat{proiecte=<uninitialized>, functie=domain.Functie#1, idSuperior=1, departamente=<uninitialized>, id=1, dataAngajare=2021-06-01, concedii=<uninitialized>}
18:14:37.061 [Test worker] DEBUG org.hibernate.resource.jdbc.internal.LogicalConnectionManagedImpl - Initiating JDBC connection release from afterTransaction
18:14:37.061 [Test worker] DEBUG org.hibernate.resource.jdbc.internal.LogicalConnectionManagedImpl - Initiating JDBC connection release from afterTransaction
18:14:37.061 [Test worker] DEBUG org.hibernate.internal.SessionFactoryRegistry - Lookup: uid=91e79ca6-b866-4761-8505-abb6e3431c74
18:14:37.061 [Test worker] DEBUG org.hibernate.engine.transaction.internal.TransactionImpl - On TransactionImpl creation, JpaCompliance#isJpaTransactionComplianceEnabled == false
18:14:37.061 [Test worker] DEBUG org.hibernate.engine.transaction.internal.TransactionImpl - begin
18:14:37.076 [Test worker] DEBUG org.hibernate.loader.collection.plan.AbstractLoadPlanBasedCollectionInitializer - Loading collection: [domain.Angajat.proiecte#1]
18:14:37.076 [Test worker] DEBUG org.hibernate.SQL - select proiecte0_.id_angajat as id_angaj1_2_0_, proiecte0_.id_proiect as id_proie2_2_0_, proiect1_.id as id1_6_1_, proiect1_.data_inceput as data_inc2_6_1_, proiect1_.deadline as deadline3_6_1_ from angajati_proiecte proiecte0_ inner join proiecte proiect1_ on proiecte0_.id_proiect=proiect1_.id where proiecte0_.id_angajat=?
Hibernate: select proiecte0_.id_angajat as id_angaj1_2_0_, proiecte0_.id_proiect as id_proie2_2_0_, proiect1_.id as id1_6_1_, proiect1_.data_inceput as data_inc2_6_1_, proiect1_.deadline as deadline3_6_1_ from angajati_proiecte proiecte0_ inner join proiecte proiect1_ on proiecte0_.id_proiect=proiect1_.id where proiecte0_.id_angajat=?
18:14:37.076 [Test worker] DEBUG org.hibernate.loader.plan.exec.process.internal.ResultSetProcessorImpl - Preparing collection initializer : [domain.Angajat.proiecte#1]
18:14:37.076 [Test worker] DEBUG org.hibernate.loader.plan.exec.process.internal.CollectionReferenceInitializerImpl - Found row of collection: [domain.Angajat.proiecte#1]
18:14:37.076 [Test worker] DEBUG org.hibernate.engine.internal.TwoPhaseLoad - Resolving attributes for [domain.Proiect#2]
18:14:37.076 [Test worker] DEBUG org.hibernate.engine.internal.TwoPhaseLoad - Processing attribute `dataInceput` : value = 2021-06-15
18:14:37.076 [Test worker] DEBUG org.hibernate.engine.internal.TwoPhaseLoad - Attribute (`dataInceput`)  - enhanced for lazy-loading? - false
18:14:37.076 [Test worker] DEBUG org.hibernate.engine.internal.TwoPhaseLoad - Processing attribute `deadline` : value = 2021-06-30
18:14:37.076 [Test worker] DEBUG org.hibernate.engine.internal.TwoPhaseLoad - Attribute (`deadline`)  - enhanced for lazy-loading? - false
18:14:37.076 [Test worker] DEBUG org.hibernate.engine.internal.TwoPhaseLoad - Done materializing entity [domain.Proiect#2]
18:14:37.076 [Test worker] DEBUG org.hibernate.engine.loading.internal.CollectionLoadContext - 1 collections were found in result set for role: domain.Angajat.proiecte
18:14:37.076 [Test worker] DEBUG org.hibernate.engine.loading.internal.CollectionLoadContext - Collection fully initialized: [domain.Angajat.proiecte#1]
18:14:37.076 [Test worker] DEBUG org.hibernate.engine.loading.internal.CollectionLoadContext - 1 collections initialized for role: domain.Angajat.proiecte
18:14:37.076 [Test worker] DEBUG org.hibernate.loader.collection.plan.AbstractLoadPlanBasedCollectionInitializer - Done loading collection
18:14:37.076 [Test worker] DEBUG org.hibernate.engine.transaction.internal.TransactionImpl - committing
18:14:37.076 [Test worker] DEBUG org.hibernate.resource.jdbc.internal.LogicalConnectionManagedImpl - Initiating JDBC connection release from afterTransaction
18:14:37.076 [Test worker] DEBUG org.hibernate.resource.jdbc.internal.LogicalConnectionManagedImpl - Initiating JDBC connection release from afterTransaction
18:14:37.076 [Test worker] DEBUG org.hibernate.engine.transaction.internal.TransactionImpl - On TransactionImpl creation, JpaCompliance#isJpaTransactionComplianceEnabled == false
18:14:37.076 [Test worker] DEBUG org.hibernate.engine.transaction.internal.TransactionImpl - begin
18:14:37.076 [Test worker] DEBUG org.hibernate.SQL - select angajat0_.id as id1_0_, angajat0_.data_angajare as data_ang2_0_, angajat0_.functie_id as functie_4_0_, angajat0_.id_superior as id_super3_0_ from angajati angajat0_ where angajat0_.id=?
Hibernate: select angajat0_.id as id1_0_, angajat0_.data_angajare as data_ang2_0_, angajat0_.functie_id as functie_4_0_, angajat0_.id_superior as id_super3_0_ from angajati angajat0_ where angajat0_.id=?
18:14:37.076 [Test worker] DEBUG org.hibernate.loader.Loader - Result set row: 0
18:14:37.076 [Test worker] DEBUG org.hibernate.loader.Loader - Result row: EntityKey[domain.Angajat#1]
18:14:37.076 [Test worker] DEBUG org.hibernate.engine.internal.TwoPhaseLoad - Resolving attributes for [domain.Angajat#1]
18:14:37.076 [Test worker] DEBUG org.hibernate.engine.internal.TwoPhaseLoad - Processing attribute `concedii` : value = NOT NULL COLLECTION
18:14:37.076 [Test worker] DEBUG org.hibernate.engine.internal.TwoPhaseLoad - Attribute (`concedii`)  - enhanced for lazy-loading? - false
18:14:37.076 [Test worker] DEBUG org.hibernate.engine.internal.TwoPhaseLoad - Processing attribute `dataAngajare` : value = 2021-06-01
18:14:37.076 [Test worker] DEBUG org.hibernate.engine.internal.TwoPhaseLoad - Attribute (`dataAngajare`)  - enhanced for lazy-loading? - false
18:14:37.076 [Test worker] DEBUG org.hibernate.engine.internal.TwoPhaseLoad - Processing attribute `departamente` : value = NOT NULL COLLECTION
18:14:37.076 [Test worker] DEBUG org.hibernate.engine.internal.TwoPhaseLoad - Attribute (`departamente`)  - enhanced for lazy-loading? - false
18:14:37.076 [Test worker] DEBUG org.hibernate.engine.internal.TwoPhaseLoad - Processing attribute `functie` : value = 1
18:14:37.076 [Test worker] DEBUG org.hibernate.engine.internal.TwoPhaseLoad - Attribute (`functie`)  - enhanced for lazy-loading? - false
18:14:37.076 [Test worker] DEBUG org.hibernate.SQL - select functie0_.id as id1_5_0_, functie0_.salar_de_baza as salar_de2_5_0_ from functii functie0_ where functie0_.id=?
Hibernate: select functie0_.id as id1_5_0_, functie0_.salar_de_baza as salar_de2_5_0_ from functii functie0_ where functie0_.id=?
18:14:37.076 [Test worker] DEBUG org.hibernate.loader.plan.exec.process.internal.EntityReferenceInitializerImpl - On call to EntityIdentifierReaderImpl#resolve, EntityKey was already known; should only happen on root returns with an optional identifier specified
18:14:37.076 [Test worker] DEBUG org.hibernate.engine.internal.TwoPhaseLoad - Resolving attributes for [domain.Functie#1]
18:14:37.076 [Test worker] DEBUG org.hibernate.engine.internal.TwoPhaseLoad - Processing attribute `salarDeBaza` : value = 2000.0
18:14:37.076 [Test worker] DEBUG org.hibernate.engine.internal.TwoPhaseLoad - Attribute (`salarDeBaza`)  - enhanced for lazy-loading? - false
18:14:37.076 [Test worker] DEBUG org.hibernate.engine.internal.TwoPhaseLoad - Done materializing entity [domain.Functie#1]
18:14:37.076 [Test worker] DEBUG org.hibernate.loader.entity.plan.AbstractLoadPlanBasedEntityLoader - Done entity load : domain.Functie#1
18:14:37.076 [Test worker] DEBUG org.hibernate.engine.internal.TwoPhaseLoad - Processing attribute `idSuperior` : value = 1
18:14:37.076 [Test worker] DEBUG org.hibernate.engine.internal.TwoPhaseLoad - Attribute (`idSuperior`)  - enhanced for lazy-loading? - false
18:14:37.076 [Test worker] DEBUG org.hibernate.engine.internal.TwoPhaseLoad - Processing attribute `proiecte` : value = NOT NULL COLLECTION
18:14:37.076 [Test worker] DEBUG org.hibernate.engine.internal.TwoPhaseLoad - Attribute (`proiecte`)  - enhanced for lazy-loading? - false
18:14:37.076 [Test worker] DEBUG org.hibernate.engine.internal.TwoPhaseLoad - Done materializing entity [domain.Angajat#1]
18:14:37.076 [Test worker] DEBUG org.hibernate.engine.transaction.internal.TransactionImpl - committing
18:14:37.076 [Test worker] DEBUG org.hibernate.event.internal.AbstractFlushingEventListener - Processing flush-time cascades
18:14:37.076 [Test worker] DEBUG org.hibernate.event.internal.AbstractFlushingEventListener - Dirty checking collections
18:14:37.076 [Test worker] DEBUG org.hibernate.engine.internal.Collections - Collection found: [domain.Angajat.concedii#1], was: [domain.Angajat.concedii#1] (uninitialized)
18:14:37.076 [Test worker] DEBUG org.hibernate.engine.internal.Collections - Collection found: [domain.Angajat.departamente#1], was: [domain.Angajat.departamente#1] (uninitialized)
18:14:37.076 [Test worker] DEBUG org.hibernate.engine.internal.Collections - Collection found: [domain.Angajat.proiecte#1], was: [domain.Angajat.proiecte#1] (uninitialized)
18:14:37.076 [Test worker] DEBUG org.hibernate.event.internal.AbstractFlushingEventListener - Flushed: 0 insertions, 0 updates, 0 deletions to 2 objects
18:14:37.076 [Test worker] DEBUG org.hibernate.event.internal.AbstractFlushingEventListener - Flushed: 0 (re)creations, 0 updates, 0 removals to 3 collections
18:14:37.076 [Test worker] DEBUG org.hibernate.internal.util.EntityPrinter - Listing entities:
18:14:37.076 [Test worker] DEBUG org.hibernate.internal.util.EntityPrinter - domain.Functie{salarDeBaza=2000.0, id=1}
18:14:37.076 [Test worker] DEBUG org.hibernate.internal.util.EntityPrinter - domain.Angajat{proiecte=<uninitialized>, functie=domain.Functie#1, idSuperior=1, departamente=<uninitialized>, id=1, dataAngajare=2021-06-01, concedii=<uninitialized>}
18:14:37.076 [Test worker] DEBUG org.hibernate.resource.jdbc.internal.LogicalConnectionManagedImpl - Initiating JDBC connection release from afterTransaction
18:14:37.076 [Test worker] DEBUG org.hibernate.resource.jdbc.internal.LogicalConnectionManagedImpl - Initiating JDBC connection release from afterTransaction
18:14:37.076 [Test worker] DEBUG org.hibernate.internal.SessionFactoryRegistry - Lookup: uid=91e79ca6-b866-4761-8505-abb6e3431c74
18:14:37.076 [Test worker] DEBUG org.hibernate.engine.transaction.internal.TransactionImpl - On TransactionImpl creation, JpaCompliance#isJpaTransactionComplianceEnabled == false
18:14:37.076 [Test worker] DEBUG org.hibernate.engine.transaction.internal.TransactionImpl - begin
18:14:37.076 [Test worker] DEBUG org.hibernate.loader.collection.plan.AbstractLoadPlanBasedCollectionInitializer - Loading collection: [domain.Angajat.concedii#1]
18:14:37.076 [Test worker] DEBUG org.hibernate.SQL - select concedii0_.id_angajat as id_angaj4_3_0_, concedii0_.id as id1_3_0_, concedii0_.id as id1_3_1_, concedii0_.id_angajat as id_angaj4_3_1_, concedii0_.data_inceput as data_inc2_3_1_, concedii0_.data_sfarsit as data_sfa3_3_1_ from concedii concedii0_ where concedii0_.id_angajat=?
Hibernate: select concedii0_.id_angajat as id_angaj4_3_0_, concedii0_.id as id1_3_0_, concedii0_.id as id1_3_1_, concedii0_.id_angajat as id_angaj4_3_1_, concedii0_.data_inceput as data_inc2_3_1_, concedii0_.data_sfarsit as data_sfa3_3_1_ from concedii concedii0_ where concedii0_.id_angajat=?
18:14:37.076 [Test worker] DEBUG org.hibernate.loader.plan.exec.process.internal.ResultSetProcessorImpl - Preparing collection initializer : [domain.Angajat.concedii#1]
18:14:37.076 [Test worker] DEBUG org.hibernate.loader.plan.exec.process.internal.CollectionReferenceInitializerImpl - Found row of collection: [domain.Angajat.concedii#1]
18:14:37.076 [Test worker] DEBUG org.hibernate.engine.internal.TwoPhaseLoad - Resolving attributes for [domain.Concediu#1]
18:14:37.076 [Test worker] DEBUG org.hibernate.engine.internal.TwoPhaseLoad - Processing attribute `angajat` : value = 1
18:14:37.076 [Test worker] DEBUG org.hibernate.engine.internal.TwoPhaseLoad - Attribute (`angajat`)  - enhanced for lazy-loading? - false
18:14:37.092 [Test worker] DEBUG org.hibernate.engine.internal.TwoPhaseLoad - Processing attribute `dataInceput` : value = 2021-06-21
18:14:37.092 [Test worker] DEBUG org.hibernate.engine.internal.TwoPhaseLoad - Attribute (`dataInceput`)  - enhanced for lazy-loading? - false
18:14:37.092 [Test worker] DEBUG org.hibernate.engine.internal.TwoPhaseLoad - Processing attribute `dataSfarsit` : value = 2021-06-23
18:14:37.092 [Test worker] DEBUG org.hibernate.engine.internal.TwoPhaseLoad - Attribute (`dataSfarsit`)  - enhanced for lazy-loading? - false
18:14:37.092 [Test worker] DEBUG org.hibernate.engine.internal.TwoPhaseLoad - Done materializing entity [domain.Concediu#1]
18:14:37.092 [Test worker] DEBUG org.hibernate.engine.loading.internal.CollectionLoadContext - 1 collections were found in result set for role: domain.Angajat.concedii
18:14:37.092 [Test worker] DEBUG org.hibernate.engine.loading.internal.CollectionLoadContext - Collection fully initialized: [domain.Angajat.concedii#1]
18:14:37.092 [Test worker] DEBUG org.hibernate.engine.loading.internal.CollectionLoadContext - 1 collections initialized for role: domain.Angajat.concedii
18:14:37.092 [Test worker] DEBUG org.hibernate.loader.collection.plan.AbstractLoadPlanBasedCollectionInitializer - Done loading collection
18:14:37.092 [Test worker] DEBUG org.hibernate.engine.transaction.internal.TransactionImpl - committing
18:14:37.092 [Test worker] DEBUG org.hibernate.resource.jdbc.internal.LogicalConnectionManagedImpl - Initiating JDBC connection release from afterTransaction
18:14:37.092 [Test worker] DEBUG org.hibernate.resource.jdbc.internal.LogicalConnectionManagedImpl - Initiating JDBC connection release from afterTransaction
]]></system-out>
  <system-err><![CDATA[]]></system-err>
</testsuite>
